<?xml version="1.0" encoding="UTF-8"?>
<testsuite name="com.ceiba.parking.controllers.ParkingControllerTest" tests="3" skipped="0" failures="0" errors="0" timestamp="2018-02-07T18:04:06" hostname="DAYANA-PINEDA" time="4.141">
  <properties/>
  <testcase name="getById" classname="com.ceiba.parking.controllers.ParkingControllerTest" time="3.696"/>
  <testcase name="createCar" classname="com.ceiba.parking.controllers.ParkingControllerTest" time="0.244"/>
  <testcase name="listCars" classname="com.ceiba.parking.controllers.ParkingControllerTest" time="0.201"/>
  <system-out><![CDATA[13:04:07.521 [Test worker] DEBUG org.springframework.core.env.StandardEnvironment - Adding PropertySource 'systemProperties' with lowest search precedence
13:04:07.531 [Test worker] DEBUG org.springframework.core.env.StandardEnvironment - Adding PropertySource 'systemEnvironment' with lowest search precedence
13:04:07.532 [Test worker] DEBUG org.springframework.core.env.StandardEnvironment - Initialized StandardEnvironment with PropertySources [MapPropertySource@1193122263 {name='systemProperties', properties={java.runtime.name=Java(TM) SE Runtime Environment, sun.boot.library.path=C:\Program Files\Java\jdk1.8.0_162\jre\bin, java.vm.version=25.162-b12, java.vm.vendor=Oracle Corporation, java.vendor.url=http://java.oracle.com/, path.separator=;, java.vm.name=Java HotSpot(TM) 64-Bit Server VM, file.encoding.pkg=sun.io, user.script=, sun.java.launcher=SUN_STANDARD, user.country=US, sun.os.patch.level=, java.vm.specification.name=Java Virtual Machine Specification, user.dir=C:\Users\dayana.pineda\Documents\Parking, java.runtime.version=1.8.0_162-b12, java.awt.graphicsenv=sun.awt.Win32GraphicsEnvironment, java.endorsed.dirs=C:\Program Files\Java\jdk1.8.0_162\jre\lib\endorsed, os.arch=amd64, java.io.tmpdir=C:\Users\DAYANA~1.PIN\AppData\Local\Temp\, line.separator=
, java.vm.specification.vendor=Oracle Corporation, user.variant=, os.name=Windows 10, sun.jnu.encoding=Cp1252, java.library.path=C:\Program Files\Java\jdk1.8.0_162\bin;C:\WINDOWS\Sun\Java\bin;C:\WINDOWS\system32;C:\WINDOWS;C:\ProgramData\Oracle\Java\javapath;C:\Oracle\product\11.1.0\client_1\bin;C:\Program Files\CollabNet\Subversion Client;C:\WINDOWS\system32;C:\WINDOWS;C:\WINDOWS\System32\Wbem;C:\WINDOWS\System32\WindowsPowerShell\v1.0\;C:\Program Files\PuTTY\;C:\Program Files\TortoiseSVN\bin;C:\ProgramData\chocolatey\bin;C:\Program Files\Java\jdk1.8.0_162\bin;C:\Program Files\Git\cmd;C:\Users\dayana.pineda\AppData\Local\Microsoft\WindowsApps;C:\Users\dayana.pineda\AppData\Local\atom\bin;C:\Program Files\Java\jdk-9.0.4\bin;C:\Program Files\Git\bin;;., java.specification.name=Java Platform API Specification, java.class.version=52.0, org.gradle.native=false, sun.management.compiler=HotSpot 64-Bit Tiered Compilers, os.version=10.0, user.home=C:\Users\dayana.pineda, user.timezone=America/Bogota, java.awt.printerjob=sun.awt.windows.WPrinterJob, file.encoding=windows-1252, java.specification.version=1.8, java.class.path=C:\Users\dayana.pineda\Documents\Parking\build\classes\java\test;C:\Users\dayana.pineda\Documents\Parking\build\resources\test;C:\Users\dayana.pineda\Documents\Parking\build\classes\java\main;C:\Users\dayana.pineda\Documents\Parking\build\resources\main;C:\Users\dayana.pineda\.gradle\caches\modules-2\files-2.1\org.springframework.boot\spring-boot-starter-data-mongodb-reactive\2.0.0.BUILD-SNAPSHOT\91962f32bd76305ca6305e558abbbcef3bbd0ac7\spring-boot-starter-data-mongodb-reactive-2.0.0.BUILD-SNAPSHOT.jar;C:\Users\dayana.pineda\.gradle\caches\modules-2\files-2.1\org.springframework.boot\spring-boot-starter-webflux\2.0.0.BUILD-SNAPSHOT\f3483601a746eeeed7372582a48543a40eb54355\spring-boot-starter-webflux-2.0.0.BUILD-SNAPSHOT.jar;C:\Users\dayana.pineda\.gradle\caches\modules-2\files-2.1\cz.jirutka.spring\embedmongo-spring\1.3.1\b109b79d54367b96eea1409d75d03421c48ed870\embedmongo-spring-1.3.1.jar;C:\Users\dayana.pineda\.gradle\caches\modules-2\files-2.1\org.springframework.boot\spring-boot-starter-test\2.0.0.BUILD-SNAPSHOT\70a3efe8b03ff961db41911ecfeaed9b478707e3\spring-boot-starter-test-2.0.0.BUILD-SNAPSHOT.jar;C:\Users\dayana.pineda\.gradle\caches\modules-2\files-2.1\de.flapdoodle.embed\de.flapdoodle.embed.mongo\2.0.1\f4e97f972f1576beff8e595a5aaab2ba5ad6ad6f\de.flapdoodle.embed.mongo-2.0.1.jar;C:\Users\dayana.pineda\.gradle\caches\modules-2\files-2.1\io.projectreactor\reactor-test\3.1.3.RELEASE\c43181d99c4917dd948e41e422cfa6f9ccff8404\reactor-test-3.1.3.RELEASE.jar;C:\Users\dayana.pineda\.gradle\caches\modules-2\files-2.1\org.springframework.boot\spring-boot-starter-json\2.0.0.BUILD-SNAPSHOT\da1d4a3dcedfa2a09134952a2d927670a26c9558\spring-boot-starter-json-2.0.0.BUILD-SNAPSHOT.jar;C:\Users\dayana.pineda\.gradle\caches\modules-2\files-2.1\org.springframework.boot\spring-boot-starter\2.0.0.BUILD-SNAPSHOT\5f709681e55abdbb687ef00ace769ada32b5ec3f\spring-boot-starter-2.0.0.BUILD-SNAPSHOT.jar;C:\Users\dayana.pineda\.gradle\caches\modules-2\files-2.1\org.springframework.data\spring-data-mongodb\2.0.4.BUILD-SNAPSHOT\f8e1707aec834bf47ca02bba8afa74faf602cf6a\spring-data-mongodb-2.0.4.BUILD-SNAPSHOT.jar;C:\Users\dayana.pineda\.gradle\caches\modules-2\files-2.1\org.mongodb\mongodb-driver\3.6.1\3023edc52f728f01fa5624e91923932b0a4c9b63\mongodb-driver-3.6.1.jar;C:\Users\dayana.pineda\.gradle\caches\modules-2\files-2.1\org.mongodb\mongodb-driver-reactivestreams\1.7.0\52358d54bff841ab5c191ee837650e519f7557e9\mongodb-driver-reactivestreams-1.7.0.jar;C:\Users\dayana.pineda\.gradle\caches\modules-2\files-2.1\org.mongodb\mongodb-driver-async\3.6.1\7e1a7909cef629ecab3c2a3e8ed3a8ab5225fb24\mongodb-driver-async-3.6.1.jar;C:\Users\dayana.pineda\.gradle\caches\modules-2\files-2.1\org.springframework\spring-webflux\5.0.3.RELEASE\92c9a097f6b80d7e76f8c47afcc1f59c1916e702\spring-webflux-5.0.3.RELEASE.jar;C:\Users\dayana.pineda\.gradle\caches\modules-2\files-2.1\org.springframework.boot\spring-boot-starter-reactor-netty\2.0.0.BUILD-SNAPSHOT\81d97b7eb7e0a30db03e5eab6e4708b14896c490\spring-boot-starter-reactor-netty-2.0.0.BUILD-SNAPSHOT.jar;C:\Users\dayana.pineda\.gradle\caches\modules-2\files-2.1\io.projectreactor.ipc\reactor-netty\0.7.3.RELEASE\5815b8be295c828486201f9c433648351f05a11\reactor-netty-0.7.3.RELEASE.jar;C:\Users\dayana.pineda\.gradle\caches\modules-2\files-2.1\io.projectreactor\reactor-core\3.1.3.RELEASE\ca04584098c515657db3b58a09a0532b2341e13b\reactor-core-3.1.3.RELEASE.jar;C:\Users\dayana.pineda\.gradle\caches\modules-2\files-2.1\org.hibernate.validator\hibernate-validator\6.0.7.Final\8b9d9c7ec8c73963ea0fe81912fc67711a4ef76\hibernate-validator-6.0.7.Final.jar;C:\Users\dayana.pineda\.gradle\caches\modules-2\files-2.1\org.springframework\spring-web\5.0.3.RELEASE\5266e04bf799e523bfe163f0e5520799c216cbfb\spring-web-5.0.3.RELEASE.jar;C:\Users\dayana.pineda\.gradle\caches\modules-2\files-2.1\org.synchronoss.cloud\nio-multipart-parser\1.1.0\c6c417fec6612584b1c34d4dd98c5a4e47e8c754\nio-multipart-parser-1.1.0.jar;C:\Users\dayana.pineda\.gradle\caches\modules-2\files-2.1\de.flapdoodle.embed\de.flapdoodle.embed.process\2.0.1\116a63e9f0f498b2375f4f6e7cd9e2fd8abe9a5f\de.flapdoodle.embed.process-2.0.1.jar;C:\Users\dayana.pineda\.gradle\caches\modules-2\files-2.1\org.mongodb\mongo-java-driver\3.6.1\1888443f93f57a252f027f70f8e63133626f4acb\mongo-java-driver-3.6.1.jar;C:\Users\dayana.pineda\.gradle\caches\modules-2\files-2.1\com.jayway.jsonpath\json-path\2.4.0\765a4401ceb2dc8d40553c2075eb80a8fa35c2ae\json-path-2.4.0.jar;C:\Users\dayana.pineda\.gradle\caches\modules-2\files-2.1\org.springframework.data\spring-data-commons\2.0.4.BUILD-SNAPSHOT\c8564a39059641534f33ff1dd8577d97e5a8ef9\spring-data-commons-2.0.4.BUILD-SNAPSHOT.jar;C:\Users\dayana.pineda\.gradle\caches\modules-2\files-2.1\org.synchronoss.cloud\nio-stream-storage\1.1.3\986dba5f6e5eed20f0dba6ddc8e8a64a9ebdc2f3\nio-stream-storage-1.1.3.jar;C:\Users\dayana.pineda\.gradle\caches\modules-2\files-2.1\org.springframework.boot\spring-boot-starter-logging\2.0.0.BUILD-SNAPSHOT\deb9d0b84ec55ed111831203a5251a147154822d\spring-boot-starter-logging-2.0.0.BUILD-SNAPSHOT.jar;C:\Users\dayana.pineda\.gradle\caches\modules-2\files-2.1\ch.qos.logback\logback-classic\1.2.3\7c4f3c474fb2c041d8028740440937705ebb473a\logback-classic-1.2.3.jar;C:\Users\dayana.pineda\.gradle\caches\modules-2\files-2.1\org.apache.logging.log4j\log4j-to-slf4j\2.10.0\f7e631ccf49cfc0aefa4a2a728da7d374c05bd3c\log4j-to-slf4j-2.10.0.jar;C:\Users\dayana.pineda\.gradle\caches\modules-2\files-2.1\org.slf4j\jul-to-slf4j\1.7.25\af5364cd6679bfffb114f0dec8a157aaa283b76\jul-to-slf4j-1.7.25.jar;C:\Users\dayana.pineda\.gradle\caches\modules-2\files-2.1\org.slf4j\slf4j-api\1.7.25\da76ca59f6a57ee3102f8f9bd9cee742973efa8a\slf4j-api-1.7.25.jar;C:\Users\dayana.pineda\.gradle\caches\modules-2\files-2.1\org.springframework.boot\spring-boot-test-autoconfigure\2.0.0.BUILD-SNAPSHOT\b72aa69577ff072b22e0a2e18f67be2c40b3bc53\spring-boot-test-autoconfigure-2.0.0.BUILD-SNAPSHOT.jar;C:\Users\dayana.pineda\.gradle\caches\modules-2\files-2.1\org.springframework.boot\spring-boot-test\2.0.0.BUILD-SNAPSHOT\dedac8906b5c1ec1b5f3f7baebabfd85d0064534\spring-boot-test-2.0.0.BUILD-SNAPSHOT.jar;C:\Users\dayana.pineda\.gradle\caches\modules-2\files-2.1\junit\junit\4.12\2973d150c0dc1fefe998f834810d68f278ea58ec\junit-4.12.jar;C:\Users\dayana.pineda\.gradle\caches\modules-2\files-2.1\org.assertj\assertj-core\3.9.0\de324a44efe19b9222d2218f7ac3102d728497d8\assertj-core-3.9.0.jar;C:\Users\dayana.pineda\.gradle\caches\modules-2\files-2.1\org.mockito\mockito-core\2.13.0\8e372943974e4a121fb8617baced8ebfe46d54f0\mockito-core-2.13.0.jar;C:\Users\dayana.pineda\.gradle\caches\modules-2\files-2.1\org.hamcrest\hamcrest-library\1.3\4785a3c21320980282f9f33d0d1264a69040538f\hamcrest-library-1.3.jar;C:\Users\dayana.pineda\.gradle\caches\modules-2\files-2.1\org.hamcrest\hamcrest-core\1.3\42a25dc3219429f0e5d060061f71acb49bf010a0\hamcrest-core-1.3.jar;C:\Users\dayana.pineda\.gradle\caches\modules-2\files-2.1\org.skyscreamer\jsonassert\1.5.0\6c9d5fe2f59da598d9aefc1cfc6528ff3cf32df3\jsonassert-1.5.0.jar;C:\Users\dayana.pineda\.gradle\caches\modules-2\files-2.1\org.springframework\spring-test\5.0.3.RELEASE\9e1f889fd26a36e2ec1b3b080b652b86e960baf0\spring-test-5.0.3.RELEASE.jar;C:\Users\dayana.pineda\.gradle\caches\modules-2\files-2.1\org.springframework.boot\spring-boot-autoconfigure\2.0.0.BUILD-SNAPSHOT\63d0f19d82531a419269c04936923e6f16fecbe8\spring-boot-autoconfigure-2.0.0.BUILD-SNAPSHOT.jar;C:\Users\dayana.pineda\.gradle\caches\modules-2\files-2.1\org.springframework.boot\spring-boot\2.0.0.BUILD-SNAPSHOT\714382126f738e3dde885bf7bbbcfa0bcffd70d\spring-boot-2.0.0.BUILD-SNAPSHOT.jar;C:\Users\dayana.pineda\.gradle\caches\modules-2\files-2.1\org.springframework\spring-tx\5.0.3.RELEASE\18cb58265c9d10a1bccc9024ee98c43780f6b344\spring-tx-5.0.3.RELEASE.jar;C:\Users\dayana.pineda\.gradle\caches\modules-2\files-2.1\org.springframework\spring-context\5.0.3.RELEASE\a7cb3317167059337d57a6ba92b7a95997322198\spring-context-5.0.3.RELEASE.jar;C:\Users\dayana.pineda\.gradle\caches\modules-2\files-2.1\org.springframework\spring-aop\5.0.3.RELEASE\25019c46a2fae8c0c4a17979665e0613949ea59f\spring-aop-5.0.3.RELEASE.jar;C:\Users\dayana.pineda\.gradle\caches\modules-2\files-2.1\org.springframework\spring-beans\5.0.3.RELEASE\c65a623d51721f6037505ce6c11e5d19edfa1c3a\spring-beans-5.0.3.RELEASE.jar;C:\Users\dayana.pineda\.gradle\caches\modules-2\files-2.1\org.springframework\spring-expression\5.0.3.RELEASE\ffc2e3d88a0b6ac6669e764a71cc3b49001eda21\spring-expression-5.0.3.RELEASE.jar;C:\Users\dayana.pineda\.gradle\caches\modules-2\files-2.1\org.springframework\spring-core\5.0.3.RELEASE\8950eb10c466a77677693dd495d4b6a26de315f4\spring-core-5.0.3.RELEASE.jar;C:\Users\dayana.pineda\.gradle\caches\modules-2\files-2.1\org.xmlunit\xmlunit-core\2.5.1\4ffdb346572a7356f7521cd3119ce5287d2e339d\xmlunit-core-2.5.1.jar;C:\Users\dayana.pineda\.gradle\caches\modules-2\files-2.1\javax.annotation\javax.annotation-api\1.3.1\20a2c0583598d68b0835474bbe07792d4f3b219f\javax.annotation-api-1.3.1.jar;C:\Users\dayana.pineda\.gradle\caches\modules-2\files-2.1\org.yaml\snakeyaml\1.19\2d998d3d674b172a588e54ab619854d073f555b5\snakeyaml-1.19.jar;C:\Users\dayana.pineda\.gradle\caches\modules-2\files-2.1\org.mongodb\mongodb-driver-core\3.6.1\c2f77160884b8b208d8539643128e8322c32dd\mongodb-driver-core-3.6.1.jar;C:\Users\dayana.pineda\.gradle\caches\modules-2\files-2.1\org.mongodb\bson\3.6.1\d9ee864dfba60d55a38b54820809d78f85cb9afe\bson-3.6.1.jar;C:\Users\dayana.pineda\.gradle\caches\modules-2\files-2.1\org.reactivestreams\reactive-streams\1.0.2\323964c36556eb0e6209f65c1cef72b53b461ab8\reactive-streams-1.0.2.jar;C:\Users\dayana.pineda\.gradle\caches\modules-2\files-2.1\com.fasterxml.jackson.datatype\jackson-datatype-jdk8\2.9.4\63ac052d52a70a15820d3dc07ea757826fd51d40\jackson-datatype-jdk8-2.9.4.jar;C:\Users\dayana.pineda\.gradle\caches\modules-2\files-2.1\com.fasterxml.jackson.datatype\jackson-datatype-jsr310\2.9.4\12d52679a6615c7972ea25bd8ebb60b191fe79b7\jackson-datatype-jsr310-2.9.4.jar;C:\Users\dayana.pineda\.gradle\caches\modules-2\files-2.1\com.fasterxml.jackson.module\jackson-module-parameter-names\2.9.4\5833c819877c3e85bad847f4d2fa4e70379217c6\jackson-module-parameter-names-2.9.4.jar;C:\Users\dayana.pineda\.gradle\caches\modules-2\files-2.1\com.fasterxml.jackson.core\jackson-databind\2.9.4\498bbc3b94f566982c7f7c6d4d303fce365529be\jackson-databind-2.9.4.jar;C:\Users\dayana.pineda\.gradle\caches\modules-2\files-2.1\javax.validation\validation-api\2.0.1.Final\cb855558e6271b1b32e716d24cb85c7f583ce09e\validation-api-2.0.1.Final.jar;C:\Users\dayana.pineda\.gradle\caches\modules-2\files-2.1\org.jboss.logging\jboss-logging\3.3.1.Final\c46217ab74b532568c0ed31dc599db3048bd1b67\jboss-logging-3.3.1.Final.jar;C:\Users\dayana.pineda\.gradle\caches\modules-2\files-2.1\com.fasterxml\classmate\1.3.4\3d5f48f10bbe4eb7bd862f10c0583be2e0053c6\classmate-1.3.4.jar;C:\Users\dayana.pineda\.gradle\caches\modules-2\files-2.1\net.minidev\json-smart\2.3\7396407491352ce4fa30de92efb158adb76b5b\json-smart-2.3.jar;C:\Users\dayana.pineda\.gradle\caches\modules-2\files-2.1\net.bytebuddy\byte-buddy\1.7.9\51218a01a882c04d0aba8c028179cce488bbcb58\byte-buddy-1.7.9.jar;C:\Users\dayana.pineda\.gradle\caches\modules-2\files-2.1\net.bytebuddy\byte-buddy-agent\1.7.9\a6c65f9da7f467ee1f02ff2841ffd3155aee2fc9\byte-buddy-agent-1.7.9.jar;C:\Users\dayana.pineda\.gradle\caches\modules-2\files-2.1\org.objenesis\objenesis\2.6\639033469776fd37c08358c6b92a4761feb2af4b\objenesis-2.6.jar;C:\Users\dayana.pineda\.gradle\caches\modules-2\files-2.1\com.vaadin.external.google\android-json\0.0.20131108.vaadin1\fa26d351fe62a6a17f5cda1287c1c6110dec413f\android-json-0.0.20131108.vaadin1.jar;C:\Users\dayana.pineda\.gradle\caches\modules-2\files-2.1\org.springframework\spring-jcl\5.0.3.RELEASE\855919d50380ed6f0ccee7b8d6789f4febdb6660\spring-jcl-5.0.3.RELEASE.jar;C:\Users\dayana.pineda\.gradle\caches\modules-2\files-2.1\com.fasterxml.jackson.core\jackson-annotations\2.9.0\7c10d545325e3a6e72e06381afe469fd40eb701\jackson-annotations-2.9.0.jar;C:\Users\dayana.pineda\.gradle\caches\modules-2\files-2.1\com.fasterxml.jackson.core\jackson-core\2.9.4\a9a71ec1aa37da47db168fede9a4a5fb5e374320\jackson-core-2.9.4.jar;C:\Users\dayana.pineda\.gradle\caches\modules-2\files-2.1\io.netty\netty-handler-proxy\4.1.20.Final\7c32216f081bada9142b78e1d428d4e1750dc207\netty-handler-proxy-4.1.20.Final.jar;C:\Users\dayana.pineda\.gradle\caches\modules-2\files-2.1\io.netty\netty-codec-http\4.1.20.Final\5f45dca168c6161ff156be3f5d8f1eb60e160bd9\netty-codec-http-4.1.20.Final.jar;C:\Users\dayana.pineda\.gradle\caches\modules-2\files-2.1\io.netty\netty-handler\4.1.20.Final\e8e548c1a032adb40d9ea785b0bccccc2df54e13\netty-handler-4.1.20.Final.jar;C:\Users\dayana.pineda\.gradle\caches\modules-2\files-2.1\io.netty\netty-transport-native-epoll\4.1.20.Final\a4d2caa35c7a5ba9c45ca81770852384934aeb60\netty-transport-native-epoll-4.1.20.Final.jar;C:\Users\dayana.pineda\.gradle\caches\modules-2\files-2.1\net.minidev\accessors-smart\1.2\c592b500269bfde36096641b01238a8350f8aa31\accessors-smart-1.2.jar;C:\Users\dayana.pineda\.gradle\caches\modules-2\files-2.1\ch.qos.logback\logback-core\1.2.3\864344400c3d4d92dfeb0a305dc87d953677c03c\logback-core-1.2.3.jar;C:\Users\dayana.pineda\.gradle\caches\modules-2\files-2.1\org.apache.logging.log4j\log4j-api\2.10.0\fec5797a55b786184a537abd39c3fa1449d752d6\log4j-api-2.10.0.jar;C:\Users\dayana.pineda\.gradle\caches\modules-2\files-2.1\io.netty\netty-codec-socks\4.1.20.Final\7dddd0c26b1bac90b2249c4c0c8f153e864c4432\netty-codec-socks-4.1.20.Final.jar;C:\Users\dayana.pineda\.gradle\caches\modules-2\files-2.1\io.netty\netty-codec\4.1.20.Final\285cec1c043c84d571ae286d87a809d72917eea7\netty-codec-4.1.20.Final.jar;C:\Users\dayana.pineda\.gradle\caches\modules-2\files-2.1\io.netty\netty-transport-native-unix-common\4.1.20.Final\1b1d5858b9d008d264de45eef597f8064d34da79\netty-transport-native-unix-common-4.1.20.Final.jar;C:\Users\dayana.pineda\.gradle\caches\modules-2\files-2.1\io.netty\netty-transport\4.1.20.Final\77c8a5294261758dbca7b7928b2ebc02658f2feb\netty-transport-4.1.20.Final.jar;C:\Users\dayana.pineda\.gradle\caches\modules-2\files-2.1\io.netty\netty-buffer\4.1.20.Final\e277a521cda3997c322e6c761aa09bc9b1eaa43a\netty-buffer-4.1.20.Final.jar;C:\Users\dayana.pineda\.gradle\caches\modules-2\files-2.1\io.netty\netty-resolver\4.1.20.Final\27aad5a68e183a0215b5d66b3bfd47a315ec4ca7\netty-resolver-4.1.20.Final.jar;C:\Users\dayana.pineda\.gradle\caches\modules-2\files-2.1\io.netty\netty-common\4.1.20.Final\705196810d01600478731b52817739dbeaa9df61\netty-common-4.1.20.Final.jar;C:\Users\dayana.pineda\.gradle\caches\modules-2\files-2.1\org.ow2.asm\asm\5.0.4\da08b8cce7bbf903602a25a3a163ae252435795\asm-5.0.4.jar;C:\Users\dayana.pineda\.gradle\caches\modules-2\files-2.1\commons-io\commons-io\2.4\b1b6ea3b7e4aa4f492509a4952029cd8e48019ad\commons-io-2.4.jar;C:\Users\dayana.pineda\.gradle\caches\modules-2\files-2.1\org.apache.commons\commons-lang3\3.7\557edd918fd41f9260963583ebf5a61a43a6b423\commons-lang3-3.7.jar;C:\Users\dayana.pineda\.gradle\caches\modules-2\files-2.1\net.java.dev.jna\jna-platform\4.5.1\117d52c9f672d8b7ea80a81464c33ef843de9254\jna-platform-4.5.1.jar;C:\Users\dayana.pineda\.gradle\caches\modules-2\files-2.1\net.java.dev.jna\jna\4.5.1\65bd0cacc9c79a21c6ed8e9f588577cd3c2f85b9\jna-4.5.1.jar;C:\Users\dayana.pineda\.gradle\caches\modules-2\files-2.1\org.apache.commons\commons-compress\1.10\5eeb27c57eece1faf2d837868aeccc94d84dcc9a\commons-compress-1.10.jar, user.name=dayana.pineda, java.vm.specification.version=1.8, sun.java.command=worker.org.gradle.process.internal.worker.GradleWorkerMain 'Gradle Test Executor 1', java.home=C:\Program Files\Java\jdk1.8.0_162\jre, sun.arch.data.model=64, user.language=en, java.specification.vendor=Oracle Corporation, awt.toolkit=sun.awt.windows.WToolkit, java.vm.info=mixed mode, java.version=1.8.0_162, java.ext.dirs=C:\Program Files\Java\jdk1.8.0_162\jre\lib\ext;C:\WINDOWS\Sun\Java\lib\ext, sun.boot.class.path=C:\Program Files\Java\jdk1.8.0_162\jre\lib\resources.jar;C:\Program Files\Java\jdk1.8.0_162\jre\lib\rt.jar;C:\Program Files\Java\jdk1.8.0_162\jre\lib\sunrsasign.jar;C:\Program Files\Java\jdk1.8.0_162\jre\lib\jsse.jar;C:\Program Files\Java\jdk1.8.0_162\jre\lib\jce.jar;C:\Program Files\Java\jdk1.8.0_162\jre\lib\charsets.jar;C:\Program Files\Java\jdk1.8.0_162\jre\lib\jfr.jar;C:\Program Files\Java\jdk1.8.0_162\jre\classes, java.vendor=Oracle Corporation, org.gradle.test.worker=1, file.separator=\, java.vendor.url.bug=http://bugreport.sun.com/bugreport/, sun.io.unicode.encoding=UnicodeLittle, sun.cpu.endian=little, sun.desktop=windows, sun.cpu.isalist=amd64}}, SystemEnvironmentPropertySource@744713103 {name='systemEnvironment', properties={USERDOMAIN_ROAMINGPROFILE=CEIBA, PROCESSOR_LEVEL=6, M2=C:\ProgramData\chocolatey\lib\maven\apache-maven-3.5.2\bin, SESSIONNAME=Console, ALLUSERSPROFILE=C:\ProgramData, PROCESSOR_ARCHITECTURE=AMD64, PSModulePath=C:\Program Files\WindowsPowerShell\Modules;C:\WINDOWS\system32\WindowsPowerShell\v1.0\Modules, SystemDrive=C:, USERNAME=dayana.pineda, USERDNSDOMAIN=CEIBA.LOCAL, ProgramFiles(x86)=C:\Program Files (x86), M2_REPO=C:\Users\dayana.pineda\.m2, FPS_BROWSER_USER_PROFILE_STRING=Default, PATHEXT=.COM;.EXE;.BAT;.CMD;.VBS;.VBE;.JS;.JSE;.WSF;.WSH;.MSC, ProgramData=C:\ProgramData, ProgramW6432=C:\Program Files, HOMEPATH=\Users\dayana.pineda, PROCESSOR_IDENTIFIER=Intel64 Family 6 Model 58 Stepping 9, GenuineIntel, M2_HOME=C:\ProgramData\chocolatey\lib\maven\apache-maven-3.5.2, ProgramFiles=C:\Program Files, PUBLIC=C:\Users\Public, windir=C:\WINDOWS, =::=::\, LOCALAPPDATA=C:\Users\dayana.pineda\AppData\Local, ChocolateyLastPathUpdate=Mon Feb  5 14:56:09 2018, USERDOMAIN=CEIBA, FPS_BROWSER_APP_PROFILE_STRING=Internet Explorer, LOGONSERVER=\\ARES, JAVA_HOME=C:\Program Files\Java\jdk1.8.0_162, GRADLE_HOME=C:\ProgramData\chocolatey\lib\gradle\tools\gradle-4.5, MAVEN_OPTS=-Xms256m, OneDrive=C:\Users\dayana.pineda\OneDrive, APPDATA=C:\Users\dayana.pineda\AppData\Roaming, ChocolateyInstall=C:\ProgramData\chocolatey, CommonProgramFiles=C:\Program Files\Common Files, Path=C:\ProgramData\Oracle\Java\javapath;C:\Oracle\product\11.1.0\client_1\bin;C:\Program Files\CollabNet\Subversion Client;C:\WINDOWS\system32;C:\WINDOWS;C:\WINDOWS\System32\Wbem;C:\WINDOWS\System32\WindowsPowerShell\v1.0\;C:\Program Files\PuTTY\;C:\Program Files\TortoiseSVN\bin;C:\ProgramData\chocolatey\bin;C:\Program Files\Java\jdk1.8.0_162\bin;C:\Program Files\Git\cmd;C:\Users\dayana.pineda\AppData\Local\Microsoft\WindowsApps;C:\Users\dayana.pineda\AppData\Local\atom\bin;C:\Program Files\Java\jdk-9.0.4\bin;C:\Program Files\Git\bin;, OS=Windows_NT, COMPUTERNAME=DAYANA-PINEDA, PROCESSOR_REVISION=3a09, CLASSPATH=.;, CommonProgramW6432=C:\Program Files\Common Files, ComSpec=C:\WINDOWS\system32\cmd.exe, SystemRoot=C:\WINDOWS, TEMP=C:\Users\DAYANA~1.PIN\AppData\Local\Temp, HOMEDRIVE=C:, USERPROFILE=C:\Users\dayana.pineda, TMP=C:\Users\DAYANA~1.PIN\AppData\Local\Temp, CommonProgramFiles(x86)=C:\Program Files (x86)\Common Files, NUMBER_OF_PROCESSORS=8}}]
13:04:07.594 [Test worker] DEBUG org.springframework.context.annotation.ClassPathBeanDefinitionScanner - JSR-250 'javax.annotation.ManagedBean' found and supported for component scanning
13:04:07.666 [Test worker] INFO org.springframework.context.annotation.AnnotationConfigApplicationContext - Refreshing org.springframework.context.annotation.AnnotationConfigApplicationContext@4b0c7f44: startup date [Wed Feb 07 13:04:07 COT 2018]; root of context hierarchy
13:04:07.669 [Test worker] DEBUG org.springframework.context.annotation.AnnotationConfigApplicationContext - Bean factory for org.springframework.context.annotation.AnnotationConfigApplicationContext@4b0c7f44: org.springframework.beans.factory.support.DefaultListableBeanFactory@6cf7023b: defining beans [org.springframework.context.annotation.internalConfigurationAnnotationProcessor,org.springframework.context.annotation.internalAutowiredAnnotationProcessor,org.springframework.context.annotation.internalRequiredAnnotationProcessor,org.springframework.context.annotation.internalCommonAnnotationProcessor,org.springframework.context.event.internalEventListenerProcessor,org.springframework.context.event.internalEventListenerFactory,com.ceiba.parking.controllers.CarController,delegatingWebFluxConfiguration,webFluxConfigurer]; root of factory hierarchy
13:04:07.700 [Test worker] DEBUG org.springframework.beans.factory.support.DefaultListableBeanFactory - Creating shared instance of singleton bean 'org.springframework.context.annotation.internalConfigurationAnnotationProcessor'
13:04:07.701 [Test worker] DEBUG org.springframework.beans.factory.support.DefaultListableBeanFactory - Creating instance of bean 'org.springframework.context.annotation.internalConfigurationAnnotationProcessor'
13:04:07.738 [Test worker] DEBUG org.springframework.beans.factory.support.DefaultListableBeanFactory - Eagerly caching bean 'org.springframework.context.annotation.internalConfigurationAnnotationProcessor' to allow for resolving potential circular references
13:04:07.742 [Test worker] DEBUG org.springframework.beans.factory.support.DefaultListableBeanFactory - Finished creating instance of bean 'org.springframework.context.annotation.internalConfigurationAnnotationProcessor'
13:04:07.996 [Test worker] DEBUG org.springframework.context.annotation.ConfigurationClassBeanDefinitionReader - Registering bean definition for @Bean method org.springframework.web.reactive.config.DelegatingWebFluxConfiguration.webHandler()
13:04:07.997 [Test worker] DEBUG org.springframework.context.annotation.ConfigurationClassBeanDefinitionReader - Registering bean definition for @Bean method org.springframework.web.reactive.config.DelegatingWebFluxConfiguration.responseStatusExceptionHandler()
13:04:07.997 [Test worker] DEBUG org.springframework.context.annotation.ConfigurationClassBeanDefinitionReader - Registering bean definition for @Bean method org.springframework.web.reactive.config.DelegatingWebFluxConfiguration.requestMappingHandlerMapping()
13:04:07.998 [Test worker] DEBUG org.springframework.context.annotation.ConfigurationClassBeanDefinitionReader - Registering bean definition for @Bean method org.springframework.web.reactive.config.DelegatingWebFluxConfiguration.webFluxContentTypeResolver()
13:04:07.998 [Test worker] DEBUG org.springframework.context.annotation.ConfigurationClassBeanDefinitionReader - Registering bean definition for @Bean method org.springframework.web.reactive.config.DelegatingWebFluxConfiguration.routerFunctionMapping()
13:04:07.999 [Test worker] DEBUG org.springframework.context.annotation.ConfigurationClassBeanDefinitionReader - Registering bean definition for @Bean method org.springframework.web.reactive.config.DelegatingWebFluxConfiguration.resourceHandlerMapping()
13:04:07.999 [Test worker] DEBUG org.springframework.context.annotation.ConfigurationClassBeanDefinitionReader - Registering bean definition for @Bean method org.springframework.web.reactive.config.DelegatingWebFluxConfiguration.requestMappingHandlerAdapter()
13:04:08.000 [Test worker] DEBUG org.springframework.context.annotation.ConfigurationClassBeanDefinitionReader - Registering bean definition for @Bean method org.springframework.web.reactive.config.DelegatingWebFluxConfiguration.serverCodecConfigurer()
13:04:08.000 [Test worker] DEBUG org.springframework.context.annotation.ConfigurationClassBeanDefinitionReader - Registering bean definition for @Bean method org.springframework.web.reactive.config.DelegatingWebFluxConfiguration.localeContextResolver()
13:04:08.001 [Test worker] DEBUG org.springframework.context.annotation.ConfigurationClassBeanDefinitionReader - Registering bean definition for @Bean method org.springframework.web.reactive.config.DelegatingWebFluxConfiguration.webFluxConversionService()
13:04:08.001 [Test worker] DEBUG org.springframework.context.annotation.ConfigurationClassBeanDefinitionReader - Registering bean definition for @Bean method org.springframework.web.reactive.config.DelegatingWebFluxConfiguration.webFluxAdapterRegistry()
13:04:08.002 [Test worker] DEBUG org.springframework.context.annotation.ConfigurationClassBeanDefinitionReader - Registering bean definition for @Bean method org.springframework.web.reactive.config.DelegatingWebFluxConfiguration.webFluxValidator()
13:04:08.002 [Test worker] DEBUG org.springframework.context.annotation.ConfigurationClassBeanDefinitionReader - Registering bean definition for @Bean method org.springframework.web.reactive.config.DelegatingWebFluxConfiguration.handlerFunctionAdapter()
13:04:08.002 [Test worker] DEBUG org.springframework.context.annotation.ConfigurationClassBeanDefinitionReader - Registering bean definition for @Bean method org.springframework.web.reactive.config.DelegatingWebFluxConfiguration.simpleHandlerAdapter()
13:04:08.003 [Test worker] DEBUG org.springframework.context.annotation.ConfigurationClassBeanDefinitionReader - Registering bean definition for @Bean method org.springframework.web.reactive.config.DelegatingWebFluxConfiguration.responseEntityResultHandler()
13:04:08.004 [Test worker] DEBUG org.springframework.context.annotation.ConfigurationClassBeanDefinitionReader - Registering bean definition for @Bean method org.springframework.web.reactive.config.DelegatingWebFluxConfiguration.responseBodyResultHandler()
13:04:08.005 [Test worker] DEBUG org.springframework.context.annotation.ConfigurationClassBeanDefinitionReader - Registering bean definition for @Bean method org.springframework.web.reactive.config.DelegatingWebFluxConfiguration.viewResolutionResultHandler()
13:04:08.005 [Test worker] DEBUG org.springframework.context.annotation.ConfigurationClassBeanDefinitionReader - Registering bean definition for @Bean method org.springframework.web.reactive.config.DelegatingWebFluxConfiguration.serverResponseResultHandler()
13:04:08.159 [Test worker] DEBUG org.springframework.context.annotation.ConfigurationClassEnhancer - Successfully enhanced org.springframework.web.reactive.config.DelegatingWebFluxConfiguration; enhanced class name is: org.springframework.web.reactive.config.DelegatingWebFluxConfiguration$$EnhancerBySpringCGLIB$$f8884e14
13:04:08.159 [Test worker] DEBUG org.springframework.context.annotation.ConfigurationClassPostProcessor - Replacing bean definition 'delegatingWebFluxConfiguration' existing class 'org.springframework.web.reactive.config.DelegatingWebFluxConfiguration' with enhanced class 'org.springframework.web.reactive.config.DelegatingWebFluxConfiguration$$EnhancerBySpringCGLIB$$f8884e14'
13:04:08.164 [Test worker] DEBUG org.springframework.beans.factory.support.DefaultListableBeanFactory - Creating shared instance of singleton bean 'org.springframework.context.annotation.internalAutowiredAnnotationProcessor'
13:04:08.164 [Test worker] DEBUG org.springframework.beans.factory.support.DefaultListableBeanFactory - Creating instance of bean 'org.springframework.context.annotation.internalAutowiredAnnotationProcessor'
13:04:08.165 [Test worker] DEBUG org.springframework.beans.factory.support.DefaultListableBeanFactory - Eagerly caching bean 'org.springframework.context.annotation.internalAutowiredAnnotationProcessor' to allow for resolving potential circular references
13:04:08.203 [Test worker] DEBUG org.springframework.beans.factory.support.DefaultListableBeanFactory - Finished creating instance of bean 'org.springframework.context.annotation.internalAutowiredAnnotationProcessor'
13:04:08.203 [Test worker] DEBUG org.springframework.beans.factory.support.DefaultListableBeanFactory - Creating shared instance of singleton bean 'org.springframework.context.annotation.internalRequiredAnnotationProcessor'
13:04:08.203 [Test worker] DEBUG org.springframework.beans.factory.support.DefaultListableBeanFactory - Creating instance of bean 'org.springframework.context.annotation.internalRequiredAnnotationProcessor'
13:04:08.204 [Test worker] DEBUG org.springframework.beans.factory.support.DefaultListableBeanFactory - Eagerly caching bean 'org.springframework.context.annotation.internalRequiredAnnotationProcessor' to allow for resolving potential circular references
13:04:08.209 [Test worker] DEBUG org.springframework.beans.factory.support.DefaultListableBeanFactory - Finished creating instance of bean 'org.springframework.context.annotation.internalRequiredAnnotationProcessor'
13:04:08.209 [Test worker] DEBUG org.springframework.beans.factory.support.DefaultListableBeanFactory - Creating shared instance of singleton bean 'org.springframework.context.annotation.internalCommonAnnotationProcessor'
13:04:08.209 [Test worker] DEBUG org.springframework.beans.factory.support.DefaultListableBeanFactory - Creating instance of bean 'org.springframework.context.annotation.internalCommonAnnotationProcessor'
13:04:08.215 [Test worker] DEBUG org.springframework.beans.factory.support.DefaultListableBeanFactory - Eagerly caching bean 'org.springframework.context.annotation.internalCommonAnnotationProcessor' to allow for resolving potential circular references
13:04:08.223 [Test worker] DEBUG org.springframework.beans.factory.support.DefaultListableBeanFactory - Finished creating instance of bean 'org.springframework.context.annotation.internalCommonAnnotationProcessor'
13:04:08.226 [Test worker] DEBUG org.springframework.context.annotation.AnnotationConfigApplicationContext - Unable to locate MessageSource with name 'messageSource': using default [org.springframework.context.support.DelegatingMessageSource@29b72bda]
13:04:08.230 [Test worker] DEBUG org.springframework.context.annotation.AnnotationConfigApplicationContext - Unable to locate ApplicationEventMulticaster with name 'applicationEventMulticaster': using default [org.springframework.context.event.SimpleApplicationEventMulticaster@5727126e]
13:04:08.232 [Test worker] DEBUG org.springframework.beans.factory.support.DefaultListableBeanFactory - Pre-instantiating singletons in org.springframework.beans.factory.support.DefaultListableBeanFactory@6cf7023b: defining beans [org.springframework.context.annotation.internalConfigurationAnnotationProcessor,org.springframework.context.annotation.internalAutowiredAnnotationProcessor,org.springframework.context.annotation.internalRequiredAnnotationProcessor,org.springframework.context.annotation.internalCommonAnnotationProcessor,org.springframework.context.event.internalEventListenerProcessor,org.springframework.context.event.internalEventListenerFactory,com.ceiba.parking.controllers.CarController,delegatingWebFluxConfiguration,webFluxConfigurer,webHandler,responseStatusExceptionHandler,requestMappingHandlerMapping,webFluxContentTypeResolver,routerFunctionMapping,resourceHandlerMapping,requestMappingHandlerAdapter,serverCodecConfigurer,localeContextResolver,webFluxConversionService,webFluxAdapterRegistry,webFluxValidator,handlerFunctionAdapter,simpleHandlerAdapter,responseEntityResultHandler,responseBodyResultHandler,viewResolutionResultHandler,serverResponseResultHandler]; root of factory hierarchy
13:04:08.233 [Test worker] DEBUG org.springframework.beans.factory.support.DefaultListableBeanFactory - Returning cached instance of singleton bean 'org.springframework.context.annotation.internalConfigurationAnnotationProcessor'
13:04:08.233 [Test worker] DEBUG org.springframework.beans.factory.support.DefaultListableBeanFactory - Returning cached instance of singleton bean 'org.springframework.context.annotation.internalAutowiredAnnotationProcessor'
13:04:08.233 [Test worker] DEBUG org.springframework.beans.factory.support.DefaultListableBeanFactory - Returning cached instance of singleton bean 'org.springframework.context.annotation.internalRequiredAnnotationProcessor'
13:04:08.233 [Test worker] DEBUG org.springframework.beans.factory.support.DefaultListableBeanFactory - Returning cached instance of singleton bean 'org.springframework.context.annotation.internalCommonAnnotationProcessor'
13:04:08.233 [Test worker] DEBUG org.springframework.beans.factory.support.DefaultListableBeanFactory - Creating shared instance of singleton bean 'org.springframework.context.event.internalEventListenerProcessor'
13:04:08.233 [Test worker] DEBUG org.springframework.beans.factory.support.DefaultListableBeanFactory - Creating instance of bean 'org.springframework.context.event.internalEventListenerProcessor'
13:04:08.242 [Test worker] DEBUG org.springframework.beans.factory.support.DefaultListableBeanFactory - Eagerly caching bean 'org.springframework.context.event.internalEventListenerProcessor' to allow for resolving potential circular references
13:04:08.246 [Test worker] DEBUG org.springframework.beans.factory.support.DefaultListableBeanFactory - Finished creating instance of bean 'org.springframework.context.event.internalEventListenerProcessor'
13:04:08.247 [Test worker] DEBUG org.springframework.beans.factory.support.DefaultListableBeanFactory - Creating shared instance of singleton bean 'org.springframework.context.event.internalEventListenerFactory'
13:04:08.247 [Test worker] DEBUG org.springframework.beans.factory.support.DefaultListableBeanFactory - Creating instance of bean 'org.springframework.context.event.internalEventListenerFactory'
13:04:08.247 [Test worker] DEBUG org.springframework.beans.factory.support.DefaultListableBeanFactory - Eagerly caching bean 'org.springframework.context.event.internalEventListenerFactory' to allow for resolving potential circular references
13:04:08.252 [Test worker] DEBUG org.springframework.beans.factory.support.DefaultListableBeanFactory - Finished creating instance of bean 'org.springframework.context.event.internalEventListenerFactory'
13:04:08.252 [Test worker] DEBUG org.springframework.beans.factory.support.DefaultListableBeanFactory - Creating shared instance of singleton bean 'com.ceiba.parking.controllers.CarController'
13:04:08.252 [Test worker] DEBUG org.springframework.beans.factory.support.DefaultListableBeanFactory - Creating instance of bean 'com.ceiba.parking.controllers.CarController'
13:04:08.268 [Test worker] DEBUG org.springframework.beans.factory.support.DefaultListableBeanFactory - Eagerly caching bean 'com.ceiba.parking.controllers.CarController' to allow for resolving potential circular references
13:04:08.270 [Test worker] DEBUG org.springframework.beans.factory.support.DefaultListableBeanFactory - Finished creating instance of bean 'com.ceiba.parking.controllers.CarController'
13:04:08.270 [Test worker] DEBUG org.springframework.beans.factory.support.DefaultListableBeanFactory - Creating shared instance of singleton bean 'delegatingWebFluxConfiguration'
13:04:08.270 [Test worker] DEBUG org.springframework.beans.factory.support.DefaultListableBeanFactory - Creating instance of bean 'delegatingWebFluxConfiguration'
13:04:08.284 [Test worker] DEBUG org.springframework.beans.factory.annotation.InjectionMetadata - Registered injected element on class [org.springframework.web.reactive.config.DelegatingWebFluxConfiguration$$EnhancerBySpringCGLIB$$f8884e14]: AutowiredMethodElement for public void org.springframework.web.reactive.config.DelegatingWebFluxConfiguration.setConfigurers(java.util.List)
13:04:08.284 [Test worker] DEBUG org.springframework.beans.factory.support.DefaultListableBeanFactory - Eagerly caching bean 'delegatingWebFluxConfiguration' to allow for resolving potential circular references
13:04:08.285 [Test worker] DEBUG org.springframework.beans.factory.annotation.InjectionMetadata - Processing injected element of bean 'delegatingWebFluxConfiguration': AutowiredMethodElement for public void org.springframework.web.reactive.config.DelegatingWebFluxConfiguration.setConfigurers(java.util.List)
13:04:08.297 [Test worker] DEBUG org.springframework.beans.factory.support.DefaultListableBeanFactory - Creating shared instance of singleton bean 'webFluxConfigurer'
13:04:08.297 [Test worker] DEBUG org.springframework.beans.factory.support.DefaultListableBeanFactory - Creating instance of bean 'webFluxConfigurer'
13:04:08.299 [Test worker] DEBUG org.springframework.beans.factory.support.DefaultListableBeanFactory - Eagerly caching bean 'webFluxConfigurer' to allow for resolving potential circular references
13:04:08.302 [Test worker] DEBUG org.springframework.beans.factory.support.DefaultListableBeanFactory - Finished creating instance of bean 'webFluxConfigurer'
13:04:08.317 [Test worker] DEBUG org.springframework.beans.factory.annotation.AutowiredAnnotationBeanPostProcessor - Autowiring by type from bean name 'delegatingWebFluxConfiguration' to bean named 'webFluxConfigurer'
13:04:08.318 [Test worker] DEBUG org.springframework.beans.factory.support.DefaultListableBeanFactory - Finished creating instance of bean 'delegatingWebFluxConfiguration'
13:04:08.318 [Test worker] DEBUG org.springframework.beans.factory.support.DefaultListableBeanFactory - Returning cached instance of singleton bean 'webFluxConfigurer'
13:04:08.318 [Test worker] DEBUG org.springframework.beans.factory.support.DefaultListableBeanFactory - Creating shared instance of singleton bean 'webHandler'
13:04:08.318 [Test worker] DEBUG org.springframework.beans.factory.support.DefaultListableBeanFactory - Creating instance of bean 'webHandler'
13:04:08.319 [Test worker] DEBUG org.springframework.beans.factory.support.DefaultListableBeanFactory - Returning cached instance of singleton bean 'delegatingWebFluxConfiguration'
13:04:08.361 [Test worker] DEBUG org.springframework.beans.factory.support.DefaultListableBeanFactory - Eagerly caching bean 'webHandler' to allow for resolving potential circular references
13:04:08.364 [Test worker] DEBUG org.springframework.beans.factory.support.DefaultListableBeanFactory - Creating shared instance of singleton bean 'requestMappingHandlerMapping'
13:04:08.365 [Test worker] DEBUG org.springframework.beans.factory.support.DefaultListableBeanFactory - Creating instance of bean 'requestMappingHandlerMapping'
13:04:08.365 [Test worker] DEBUG org.springframework.beans.factory.support.DefaultListableBeanFactory - Returning cached instance of singleton bean 'delegatingWebFluxConfiguration'
13:04:08.384 [Test worker] DEBUG org.springframework.beans.factory.support.DefaultListableBeanFactory - Creating shared instance of singleton bean 'webFluxContentTypeResolver'
13:04:08.384 [Test worker] DEBUG org.springframework.beans.factory.support.DefaultListableBeanFactory - Creating instance of bean 'webFluxContentTypeResolver'
13:04:08.384 [Test worker] DEBUG org.springframework.beans.factory.support.DefaultListableBeanFactory - Returning cached instance of singleton bean 'delegatingWebFluxConfiguration'
13:04:08.386 [Test worker] DEBUG org.springframework.beans.factory.support.DefaultListableBeanFactory - Eagerly caching bean 'webFluxContentTypeResolver' to allow for resolving potential circular references
13:04:08.390 [Test worker] DEBUG org.springframework.beans.factory.support.DefaultListableBeanFactory - Finished creating instance of bean 'webFluxContentTypeResolver'
13:04:08.400 [Test worker] DEBUG org.springframework.beans.factory.support.DefaultListableBeanFactory - Eagerly caching bean 'requestMappingHandlerMapping' to allow for resolving potential circular references
13:04:08.412 [Test worker] DEBUG org.springframework.beans.factory.support.DefaultListableBeanFactory - Invoking afterPropertiesSet() on bean with name 'requestMappingHandlerMapping'
13:04:08.412 [Test worker] DEBUG org.springframework.web.reactive.result.method.annotation.RequestMappingHandlerMapping - Looking for request mappings in application context: org.springframework.context.annotation.AnnotationConfigApplicationContext@4b0c7f44: startup date [Wed Feb 07 13:04:07 COT 2018]; root of context hierarchy
13:04:08.483 [Test worker] DEBUG org.springframework.web.reactive.result.method.annotation.RequestMappingHandlerMapping - 3 request handler methods found on class com.ceiba.parking.controllers.CarController: {reactor.core.publisher.Flux com.ceiba.parking.controllers.CarController.listCars()={[/api/cars],methods=[GET]}, reactor.core.publisher.Mono com.ceiba.parking.controllers.CarController.getById(java.lang.String)={[/api/cars/{id}],methods=[GET]}, reactor.core.publisher.Mono enterCar(com.ceiba.parking.domain.Car)={[/api/cars],methods=[POST]}}
13:04:08.487 [Test worker] INFO org.springframework.web.reactive.result.method.annotation.RequestMappingHandlerMapping - Mapped "{[/api/cars],methods=[GET]}" onto reactor.core.publisher.Flux<com.ceiba.parking.domain.Car> com.ceiba.parking.controllers.CarController.listCars()
13:04:08.489 [Test worker] INFO org.springframework.web.reactive.result.method.annotation.RequestMappingHandlerMapping - Mapped "{[/api/cars/{id}],methods=[GET]}" onto reactor.core.publisher.Mono<com.ceiba.parking.domain.Car> com.ceiba.parking.controllers.CarController.getById(java.lang.String)
13:04:08.491 [Test worker] INFO org.springframework.web.reactive.result.method.annotation.RequestMappingHandlerMapping - Mapped "{[/api/cars],methods=[POST]}" onto reactor.core.publisher.Mono<com.ceiba.parking.domain.Car> enterCar(com.ceiba.parking.domain.Car)
13:04:08.493 [Test worker] DEBUG org.springframework.beans.factory.support.DefaultListableBeanFactory - Finished creating instance of bean 'requestMappingHandlerMapping'
13:04:08.493 [Test worker] DEBUG org.springframework.beans.factory.support.DefaultListableBeanFactory - Creating shared instance of singleton bean 'routerFunctionMapping'
13:04:08.493 [Test worker] DEBUG org.springframework.beans.factory.support.DefaultListableBeanFactory - Creating instance of bean 'routerFunctionMapping'
13:04:08.493 [Test worker] DEBUG org.springframework.beans.factory.support.DefaultListableBeanFactory - Returning cached instance of singleton bean 'delegatingWebFluxConfiguration'
13:04:08.494 [Test worker] DEBUG org.springframework.beans.factory.support.DefaultListableBeanFactory - Creating shared instance of singleton bean 'serverCodecConfigurer'
13:04:08.495 [Test worker] DEBUG org.springframework.beans.factory.support.DefaultListableBeanFactory - Creating instance of bean 'serverCodecConfigurer'
13:04:08.495 [Test worker] DEBUG org.springframework.beans.factory.support.DefaultListableBeanFactory - Returning cached instance of singleton bean 'delegatingWebFluxConfiguration'
13:04:08.524 [Test worker] DEBUG org.springframework.beans.factory.support.DefaultListableBeanFactory - Eagerly caching bean 'serverCodecConfigurer' to allow for resolving potential circular references
13:04:08.530 [Test worker] DEBUG org.springframework.beans.factory.support.DefaultListableBeanFactory - Finished creating instance of bean 'serverCodecConfigurer'
13:04:08.977 [Test worker] DEBUG org.springframework.beans.factory.support.DefaultListableBeanFactory - Eagerly caching bean 'routerFunctionMapping' to allow for resolving potential circular references
13:04:08.981 [Test worker] DEBUG org.springframework.beans.factory.support.DefaultListableBeanFactory - Invoking afterPropertiesSet() on bean with name 'routerFunctionMapping'
13:04:08.982 [Test worker] DEBUG org.springframework.web.reactive.function.server.support.RouterFunctionMapping - Looking for router functions in application context: org.springframework.context.annotation.AnnotationConfigApplicationContext@4b0c7f44: startup date [Wed Feb 07 13:04:07 COT 2018]; root of context hierarchy
13:04:08.985 [Test worker] DEBUG org.springframework.beans.factory.annotation.InjectionMetadata - Processing injected element of bean 'org.springframework.web.reactive.function.server.support.RouterFunctionMapping$SortedRouterFunctionsContainer': AutowiredMethodElement for public void org.springframework.web.reactive.function.server.support.RouterFunctionMapping$SortedRouterFunctionsContainer.setRouterFunctions(java.util.List)
13:04:08.988 [Test worker] DEBUG org.springframework.beans.factory.support.DefaultListableBeanFactory - Finished creating instance of bean 'routerFunctionMapping'
13:04:08.988 [Test worker] DEBUG org.springframework.beans.factory.support.DefaultListableBeanFactory - Creating shared instance of singleton bean 'resourceHandlerMapping'
13:04:08.988 [Test worker] DEBUG org.springframework.beans.factory.support.DefaultListableBeanFactory - Creating instance of bean 'resourceHandlerMapping'
13:04:08.988 [Test worker] DEBUG org.springframework.beans.factory.support.DefaultListableBeanFactory - Returning cached instance of singleton bean 'delegatingWebFluxConfiguration'
13:04:08.991 [Test worker] DEBUG org.springframework.beans.factory.support.DefaultListableBeanFactory - Eagerly caching bean 'resourceHandlerMapping' to allow for resolving potential circular references
13:04:08.995 [Test worker] DEBUG org.springframework.beans.factory.support.DefaultListableBeanFactory - Finished creating instance of bean 'resourceHandlerMapping'
13:04:08.995 [Test worker] DEBUG org.springframework.beans.factory.support.DefaultListableBeanFactory - Creating shared instance of singleton bean 'requestMappingHandlerAdapter'
13:04:08.995 [Test worker] DEBUG org.springframework.beans.factory.support.DefaultListableBeanFactory - Creating instance of bean 'requestMappingHandlerAdapter'
13:04:08.996 [Test worker] DEBUG org.springframework.beans.factory.support.DefaultListableBeanFactory - Returning cached instance of singleton bean 'delegatingWebFluxConfiguration'
13:04:08.998 [Test worker] DEBUG org.springframework.beans.factory.support.DefaultListableBeanFactory - Returning cached instance of singleton bean 'serverCodecConfigurer'
13:04:09.000 [Test worker] DEBUG org.springframework.beans.factory.support.DefaultListableBeanFactory - Creating shared instance of singleton bean 'webFluxConversionService'
13:04:09.000 [Test worker] DEBUG org.springframework.beans.factory.support.DefaultListableBeanFactory - Creating instance of bean 'webFluxConversionService'
13:04:09.001 [Test worker] DEBUG org.springframework.beans.factory.support.DefaultListableBeanFactory - Returning cached instance of singleton bean 'delegatingWebFluxConfiguration'
13:04:09.074 [Test worker] DEBUG org.springframework.beans.factory.support.DefaultListableBeanFactory - Eagerly caching bean 'webFluxConversionService' to allow for resolving potential circular references
13:04:09.082 [Test worker] DEBUG org.springframework.beans.factory.support.DefaultListableBeanFactory - Finished creating instance of bean 'webFluxConversionService'
13:04:09.083 [Test worker] DEBUG org.springframework.beans.factory.support.DefaultListableBeanFactory - Creating shared instance of singleton bean 'webFluxValidator'
13:04:09.083 [Test worker] DEBUG org.springframework.beans.factory.support.DefaultListableBeanFactory - Creating instance of bean 'webFluxValidator'
13:04:09.083 [Test worker] DEBUG org.springframework.beans.factory.support.DefaultListableBeanFactory - Returning cached instance of singleton bean 'delegatingWebFluxConfiguration'
13:04:09.098 [Test worker] DEBUG org.springframework.beans.factory.support.DefaultListableBeanFactory - Eagerly caching bean 'webFluxValidator' to allow for resolving potential circular references
13:04:09.108 [Test worker] DEBUG org.springframework.beans.factory.support.DefaultListableBeanFactory - Invoking afterPropertiesSet() on bean with name 'webFluxValidator'
13:04:09.172 [Test worker] DEBUG org.jboss.logging - Logging Provider: org.jboss.logging.Log4j2LoggerProvider
13:04:09.172 [Test worker] INFO org.hibernate.validator.internal.util.Version - HV000001: Hibernate Validator 6.0.7.Final
13:04:09.187 [Test worker] DEBUG org.hibernate.validator.internal.engine.resolver.TraversableResolvers - Cannot find javax.persistence.Persistence on classpath. Assuming non JPA 2 environment. All properties will per default be traversable.
13:04:09.209 [Test worker] DEBUG org.springframework.validation.beanvalidation.OptionalValidatorFactoryBean - Failed to set up a Bean Validation provider
javax.validation.ValidationException: HV000183: Unable to initialize 'javax.el.ExpressionFactory'. Check that you have the EL dependencies on the classpath, or use ParameterMessageInterpolator instead
	at org.hibernate.validator.messageinterpolation.ResourceBundleMessageInterpolator.buildExpressionFactory(ResourceBundleMessageInterpolator.java:116)
	at org.hibernate.validator.messageinterpolation.ResourceBundleMessageInterpolator.<init>(ResourceBundleMessageInterpolator.java:47)
	at org.hibernate.validator.internal.engine.ConfigurationImpl.getDefaultMessageInterpolator(ConfigurationImpl.java:461)
	at org.springframework.validation.beanvalidation.LocalValidatorFactoryBean.afterPropertiesSet(LocalValidatorFactoryBean.java:267)
	at org.springframework.validation.beanvalidation.OptionalValidatorFactoryBean.afterPropertiesSet(OptionalValidatorFactoryBean.java:40)
	at org.springframework.beans.factory.support.AbstractAutowireCapableBeanFactory.invokeInitMethods(AbstractAutowireCapableBeanFactory.java:1769)
	at org.springframework.beans.factory.support.AbstractAutowireCapableBeanFactory.initializeBean(AbstractAutowireCapableBeanFactory.java:1706)
	at org.springframework.beans.factory.support.AbstractAutowireCapableBeanFactory.doCreateBean(AbstractAutowireCapableBeanFactory.java:583)
	at org.springframework.beans.factory.support.AbstractAutowireCapableBeanFactory.createBean(AbstractAutowireCapableBeanFactory.java:502)
	at org.springframework.beans.factory.support.AbstractBeanFactory.lambda$doGetBean$0(AbstractBeanFactory.java:312)
	at org.springframework.beans.factory.support.DefaultSingletonBeanRegistry.getSingleton(DefaultSingletonBeanRegistry.java:228)
	at org.springframework.beans.factory.support.AbstractBeanFactory.doGetBean(AbstractBeanFactory.java:310)
	at org.springframework.beans.factory.support.AbstractBeanFactory.getBean(AbstractBeanFactory.java:200)
	at org.springframework.context.annotation.ConfigurationClassEnhancer$BeanMethodInterceptor.resolveBeanReference(ConfigurationClassEnhancer.java:392)
	at org.springframework.context.annotation.ConfigurationClassEnhancer$BeanMethodInterceptor.intercept(ConfigurationClassEnhancer.java:364)
	at org.springframework.web.reactive.config.DelegatingWebFluxConfiguration$$EnhancerBySpringCGLIB$$f8884e14.webFluxValidator(<generated>)
	at org.springframework.web.reactive.config.WebFluxConfigurationSupport.getConfigurableWebBindingInitializer(WebFluxConfigurationSupport.java:311)
	at org.springframework.web.reactive.config.WebFluxConfigurationSupport.requestMappingHandlerAdapter(WebFluxConfigurationSupport.java:251)
	at org.springframework.web.reactive.config.DelegatingWebFluxConfiguration$$EnhancerBySpringCGLIB$$f8884e14.CGLIB$requestMappingHandlerAdapter$25(<generated>)
	at org.springframework.web.reactive.config.DelegatingWebFluxConfiguration$$EnhancerBySpringCGLIB$$f8884e14$$FastClassBySpringCGLIB$$fd1b9bcc.invoke(<generated>)
	at org.springframework.cglib.proxy.MethodProxy.invokeSuper(MethodProxy.java:228)
	at org.springframework.context.annotation.ConfigurationClassEnhancer$BeanMethodInterceptor.intercept(ConfigurationClassEnhancer.java:361)
	at org.springframework.web.reactive.config.DelegatingWebFluxConfiguration$$EnhancerBySpringCGLIB$$f8884e14.requestMappingHandlerAdapter(<generated>)
	at sun.reflect.NativeMethodAccessorImpl.invoke0(Native Method)
	at sun.reflect.NativeMethodAccessorImpl.invoke(NativeMethodAccessorImpl.java:62)
	at sun.reflect.DelegatingMethodAccessorImpl.invoke(DelegatingMethodAccessorImpl.java:43)
	at java.lang.reflect.Method.invoke(Method.java:498)
	at org.springframework.beans.factory.support.SimpleInstantiationStrategy.instantiate(SimpleInstantiationStrategy.java:154)
	at org.springframework.beans.factory.support.ConstructorResolver.instantiateUsingFactoryMethod(ConstructorResolver.java:579)
	at org.springframework.beans.factory.support.AbstractAutowireCapableBeanFactory.instantiateUsingFactoryMethod(AbstractAutowireCapableBeanFactory.java:1250)
	at org.springframework.beans.factory.support.AbstractAutowireCapableBeanFactory.createBeanInstance(AbstractAutowireCapableBeanFactory.java:1099)
	at org.springframework.beans.factory.support.AbstractAutowireCapableBeanFactory.doCreateBean(AbstractAutowireCapableBeanFactory.java:545)
	at org.springframework.beans.factory.support.AbstractAutowireCapableBeanFactory.createBean(AbstractAutowireCapableBeanFactory.java:502)
	at org.springframework.beans.factory.support.AbstractBeanFactory.lambda$doGetBean$0(AbstractBeanFactory.java:312)
	at org.springframework.beans.factory.support.DefaultSingletonBeanRegistry.getSingleton(DefaultSingletonBeanRegistry.java:228)
	at org.springframework.beans.factory.support.AbstractBeanFactory.doGetBean(AbstractBeanFactory.java:310)
	at org.springframework.beans.factory.support.AbstractBeanFactory.getBean(AbstractBeanFactory.java:200)
	at org.springframework.beans.factory.support.DefaultListableBeanFactory.getBeansOfType(DefaultListableBeanFactory.java:516)
	at org.springframework.context.support.AbstractApplicationContext.getBeansOfType(AbstractApplicationContext.java:1202)
	at org.springframework.beans.factory.BeanFactoryUtils.beansOfTypeIncludingAncestors(BeanFactoryUtils.java:311)
	at org.springframework.web.reactive.DispatcherHandler.initStrategies(DispatcherHandler.java:133)
	at org.springframework.web.reactive.DispatcherHandler.setApplicationContext(DispatcherHandler.java:121)
	at org.springframework.context.support.ApplicationContextAwareProcessor.invokeAwareInterfaces(ApplicationContextAwareProcessor.java:120)
	at org.springframework.context.support.ApplicationContextAwareProcessor.postProcessBeforeInitialization(ApplicationContextAwareProcessor.java:96)
	at org.springframework.beans.factory.support.AbstractAutowireCapableBeanFactory.applyBeanPostProcessorsBeforeInitialization(AbstractAutowireCapableBeanFactory.java:423)
	at org.springframework.beans.factory.support.AbstractAutowireCapableBeanFactory.initializeBean(AbstractAutowireCapableBeanFactory.java:1702)
	at org.springframework.beans.factory.support.AbstractAutowireCapableBeanFactory.doCreateBean(AbstractAutowireCapableBeanFactory.java:583)
	at org.springframework.beans.factory.support.AbstractAutowireCapableBeanFactory.createBean(AbstractAutowireCapableBeanFactory.java:502)
	at org.springframework.beans.factory.support.AbstractBeanFactory.lambda$doGetBean$0(AbstractBeanFactory.java:312)
	at org.springframework.beans.factory.support.DefaultSingletonBeanRegistry.getSingleton(DefaultSingletonBeanRegistry.java:228)
	at org.springframework.beans.factory.support.AbstractBeanFactory.doGetBean(AbstractBeanFactory.java:310)
	at org.springframework.beans.factory.support.AbstractBeanFactory.getBean(AbstractBeanFactory.java:200)
	at org.springframework.beans.factory.support.DefaultListableBeanFactory.preInstantiateSingletons(DefaultListableBeanFactory.java:761)
	at org.springframework.context.support.AbstractApplicationContext.finishBeanFactoryInitialization(AbstractApplicationContext.java:868)
	at org.springframework.context.support.AbstractApplicationContext.refresh(AbstractApplicationContext.java:549)
	at org.springframework.test.web.reactive.server.DefaultControllerSpec.initApplicationContext(DefaultControllerSpec.java:135)
	at org.springframework.test.web.reactive.server.DefaultControllerSpec.initHttpHandlerBuilder(DefaultControllerSpec.java:120)
	at org.springframework.test.web.reactive.server.AbstractMockServerSpec.configureClient(AbstractMockServerSpec.java:72)
	at org.springframework.test.web.reactive.server.AbstractMockServerSpec.build(AbstractMockServerSpec.java:87)
	at com.ceiba.parking.controllers.ParkingControllerTest.setUp(CarControllerTest.java:31)
	at sun.reflect.NativeMethodAccessorImpl.invoke0(Native Method)
	at sun.reflect.NativeMethodAccessorImpl.invoke(NativeMethodAccessorImpl.java:62)
	at sun.reflect.DelegatingMethodAccessorImpl.invoke(DelegatingMethodAccessorImpl.java:43)
	at java.lang.reflect.Method.invoke(Method.java:498)
	at org.junit.runners.model.FrameworkMethod$1.runReflectiveCall(FrameworkMethod.java:50)
	at org.junit.internal.runners.model.ReflectiveCallable.run(ReflectiveCallable.java:12)
	at org.junit.runners.model.FrameworkMethod.invokeExplosively(FrameworkMethod.java:47)
	at org.junit.internal.runners.statements.RunBefores.evaluate(RunBefores.java:24)
	at org.junit.runners.ParentRunner.runLeaf(ParentRunner.java:325)
	at org.junit.runners.BlockJUnit4ClassRunner.runChild(BlockJUnit4ClassRunner.java:78)
	at org.junit.runners.BlockJUnit4ClassRunner.runChild(BlockJUnit4ClassRunner.java:57)
	at org.junit.runners.ParentRunner$3.run(ParentRunner.java:290)
	at org.junit.runners.ParentRunner$1.schedule(ParentRunner.java:71)
	at org.junit.runners.ParentRunner.runChildren(ParentRunner.java:288)
	at org.junit.runners.ParentRunner.access$000(ParentRunner.java:58)
	at org.junit.runners.ParentRunner$2.evaluate(ParentRunner.java:268)
	at org.junit.runners.ParentRunner.run(ParentRunner.java:363)
	at org.gradle.api.internal.tasks.testing.junit.JUnitTestClassExecuter.runTestClass(JUnitTestClassExecuter.java:114)
	at org.gradle.api.internal.tasks.testing.junit.JUnitTestClassExecuter.execute(JUnitTestClassExecuter.java:57)
	at org.gradle.api.internal.tasks.testing.junit.JUnitTestClassProcessor.processTestClass(JUnitTestClassProcessor.java:66)
	at org.gradle.api.internal.tasks.testing.SuiteTestClassProcessor.processTestClass(SuiteTestClassProcessor.java:51)
	at sun.reflect.NativeMethodAccessorImpl.invoke0(Native Method)
	at sun.reflect.NativeMethodAccessorImpl.invoke(NativeMethodAccessorImpl.java:62)
	at sun.reflect.DelegatingMethodAccessorImpl.invoke(DelegatingMethodAccessorImpl.java:43)
	at java.lang.reflect.Method.invoke(Method.java:498)
	at org.gradle.internal.dispatch.ReflectionDispatch.dispatch(ReflectionDispatch.java:35)
	at org.gradle.internal.dispatch.ReflectionDispatch.dispatch(ReflectionDispatch.java:24)
	at org.gradle.internal.dispatch.ContextClassLoaderDispatch.dispatch(ContextClassLoaderDispatch.java:32)
	at org.gradle.internal.dispatch.ProxyDispatchAdapter$DispatchingInvocationHandler.invoke(ProxyDispatchAdapter.java:93)
	at com.sun.proxy.$Proxy1.processTestClass(Unknown Source)
	at org.gradle.api.internal.tasks.testing.worker.TestWorker.processTestClass(TestWorker.java:108)
	at sun.reflect.NativeMethodAccessorImpl.invoke0(Native Method)
	at sun.reflect.NativeMethodAccessorImpl.invoke(NativeMethodAccessorImpl.java:62)
	at sun.reflect.DelegatingMethodAccessorImpl.invoke(DelegatingMethodAccessorImpl.java:43)
	at java.lang.reflect.Method.invoke(Method.java:498)
	at org.gradle.internal.dispatch.ReflectionDispatch.dispatch(ReflectionDispatch.java:35)
	at org.gradle.internal.dispatch.ReflectionDispatch.dispatch(ReflectionDispatch.java:24)
	at org.gradle.internal.remote.internal.hub.MessageHubBackedObjectConnection$DispatchWrapper.dispatch(MessageHubBackedObjectConnection.java:146)
	at org.gradle.internal.remote.internal.hub.MessageHubBackedObjectConnection$DispatchWrapper.dispatch(MessageHubBackedObjectConnection.java:128)
	at org.gradle.internal.remote.internal.hub.MessageHub$Handler.run(MessageHub.java:404)
	at org.gradle.internal.concurrent.ExecutorPolicy$CatchAndRecordFailures.onExecute(ExecutorPolicy.java:63)
	at org.gradle.internal.concurrent.ManagedExecutorImpl$1.run(ManagedExecutorImpl.java:46)
	at java.util.concurrent.ThreadPoolExecutor.runWorker(ThreadPoolExecutor.java:1149)
	at java.util.concurrent.ThreadPoolExecutor$Worker.run(ThreadPoolExecutor.java:624)
	at org.gradle.internal.concurrent.ThreadFactoryImpl$ManagedThreadRunnable.run(ThreadFactoryImpl.java:55)
	at java.lang.Thread.run(Thread.java:748)
Caused by: java.lang.NoClassDefFoundError: javax/el/ELManager
	at org.hibernate.validator.messageinterpolation.ResourceBundleMessageInterpolator.buildExpressionFactory(ResourceBundleMessageInterpolator.java:108)
	... 105 common frames omitted
Caused by: java.lang.ClassNotFoundException: javax.el.ELManager
	at java.net.URLClassLoader.findClass(URLClassLoader.java:381)
	at java.lang.ClassLoader.loadClass(ClassLoader.java:424)
	at sun.misc.Launcher$AppClassLoader.loadClass(Launcher.java:338)
	at java.lang.ClassLoader.loadClass(ClassLoader.java:357)
	... 106 common frames omitted
13:04:09.213 [Test worker] DEBUG org.springframework.beans.factory.support.DefaultListableBeanFactory - Finished creating instance of bean 'webFluxValidator'
13:04:09.215 [Test worker] DEBUG org.springframework.beans.factory.support.DefaultListableBeanFactory - Creating shared instance of singleton bean 'webFluxAdapterRegistry'
13:04:09.215 [Test worker] DEBUG org.springframework.beans.factory.support.DefaultListableBeanFactory - Creating instance of bean 'webFluxAdapterRegistry'
13:04:09.216 [Test worker] DEBUG org.springframework.beans.factory.support.DefaultListableBeanFactory - Returning cached instance of singleton bean 'delegatingWebFluxConfiguration'
13:04:09.217 [Test worker] DEBUG org.springframework.beans.factory.support.DefaultListableBeanFactory - Eagerly caching bean 'webFluxAdapterRegistry' to allow for resolving potential circular references
13:04:09.220 [Test worker] DEBUG org.springframework.beans.factory.support.DefaultListableBeanFactory - Finished creating instance of bean 'webFluxAdapterRegistry'
13:04:09.228 [Test worker] DEBUG org.springframework.beans.factory.support.DefaultListableBeanFactory - Eagerly caching bean 'requestMappingHandlerAdapter' to allow for resolving potential circular references
13:04:09.236 [Test worker] DEBUG org.springframework.beans.factory.support.DefaultListableBeanFactory - Invoking afterPropertiesSet() on bean with name 'requestMappingHandlerAdapter'
13:04:09.279 [Test worker] INFO org.springframework.web.reactive.result.method.annotation.ControllerMethodResolver - Looking for @ControllerAdvice: org.springframework.context.annotation.AnnotationConfigApplicationContext@4b0c7f44: startup date [Wed Feb 07 13:04:07 COT 2018]; root of context hierarchy
13:04:09.282 [Test worker] DEBUG org.springframework.beans.factory.support.DefaultListableBeanFactory - Finished creating instance of bean 'requestMappingHandlerAdapter'
13:04:09.282 [Test worker] DEBUG org.springframework.beans.factory.support.DefaultListableBeanFactory - Creating shared instance of singleton bean 'handlerFunctionAdapter'
13:04:09.283 [Test worker] DEBUG org.springframework.beans.factory.support.DefaultListableBeanFactory - Creating instance of bean 'handlerFunctionAdapter'
13:04:09.283 [Test worker] DEBUG org.springframework.beans.factory.support.DefaultListableBeanFactory - Returning cached instance of singleton bean 'delegatingWebFluxConfiguration'
13:04:09.286 [Test worker] DEBUG org.springframework.beans.factory.support.DefaultListableBeanFactory - Eagerly caching bean 'handlerFunctionAdapter' to allow for resolving potential circular references
13:04:09.289 [Test worker] DEBUG org.springframework.beans.factory.support.DefaultListableBeanFactory - Finished creating instance of bean 'handlerFunctionAdapter'
13:04:09.289 [Test worker] DEBUG org.springframework.beans.factory.support.DefaultListableBeanFactory - Creating shared instance of singleton bean 'simpleHandlerAdapter'
13:04:09.289 [Test worker] DEBUG org.springframework.beans.factory.support.DefaultListableBeanFactory - Creating instance of bean 'simpleHandlerAdapter'
13:04:09.289 [Test worker] DEBUG org.springframework.beans.factory.support.DefaultListableBeanFactory - Returning cached instance of singleton bean 'delegatingWebFluxConfiguration'
13:04:09.290 [Test worker] DEBUG org.springframework.beans.factory.support.DefaultListableBeanFactory - Eagerly caching bean 'simpleHandlerAdapter' to allow for resolving potential circular references
13:04:09.292 [Test worker] DEBUG org.springframework.beans.factory.support.DefaultListableBeanFactory - Finished creating instance of bean 'simpleHandlerAdapter'
13:04:09.294 [Test worker] DEBUG org.springframework.beans.factory.support.DefaultListableBeanFactory - Creating shared instance of singleton bean 'responseEntityResultHandler'
13:04:09.294 [Test worker] DEBUG org.springframework.beans.factory.support.DefaultListableBeanFactory - Creating instance of bean 'responseEntityResultHandler'
13:04:09.295 [Test worker] DEBUG org.springframework.beans.factory.support.DefaultListableBeanFactory - Returning cached instance of singleton bean 'delegatingWebFluxConfiguration'
13:04:09.297 [Test worker] DEBUG org.springframework.beans.factory.support.DefaultListableBeanFactory - Returning cached instance of singleton bean 'serverCodecConfigurer'
13:04:09.316 [Test worker] DEBUG org.springframework.beans.factory.support.DefaultListableBeanFactory - Returning cached instance of singleton bean 'webFluxContentTypeResolver'
13:04:09.316 [Test worker] DEBUG org.springframework.beans.factory.support.DefaultListableBeanFactory - Returning cached instance of singleton bean 'webFluxAdapterRegistry'
13:04:09.317 [Test worker] DEBUG org.springframework.beans.factory.support.DefaultListableBeanFactory - Eagerly caching bean 'responseEntityResultHandler' to allow for resolving potential circular references
13:04:09.322 [Test worker] DEBUG org.springframework.beans.factory.support.DefaultListableBeanFactory - Finished creating instance of bean 'responseEntityResultHandler'
13:04:09.322 [Test worker] DEBUG org.springframework.beans.factory.support.DefaultListableBeanFactory - Creating shared instance of singleton bean 'responseBodyResultHandler'
13:04:09.322 [Test worker] DEBUG org.springframework.beans.factory.support.DefaultListableBeanFactory - Creating instance of bean 'responseBodyResultHandler'
13:04:09.323 [Test worker] DEBUG org.springframework.beans.factory.support.DefaultListableBeanFactory - Returning cached instance of singleton bean 'delegatingWebFluxConfiguration'
13:04:09.323 [Test worker] DEBUG org.springframework.beans.factory.support.DefaultListableBeanFactory - Returning cached instance of singleton bean 'serverCodecConfigurer'
13:04:09.325 [Test worker] DEBUG org.springframework.beans.factory.support.DefaultListableBeanFactory - Returning cached instance of singleton bean 'webFluxContentTypeResolver'
13:04:09.325 [Test worker] DEBUG org.springframework.beans.factory.support.DefaultListableBeanFactory - Returning cached instance of singleton bean 'webFluxAdapterRegistry'
13:04:09.326 [Test worker] DEBUG org.springframework.beans.factory.support.DefaultListableBeanFactory - Eagerly caching bean 'responseBodyResultHandler' to allow for resolving potential circular references
13:04:09.329 [Test worker] DEBUG org.springframework.beans.factory.support.DefaultListableBeanFactory - Finished creating instance of bean 'responseBodyResultHandler'
13:04:09.329 [Test worker] DEBUG org.springframework.beans.factory.support.DefaultListableBeanFactory - Creating shared instance of singleton bean 'viewResolutionResultHandler'
13:04:09.329 [Test worker] DEBUG org.springframework.beans.factory.support.DefaultListableBeanFactory - Creating instance of bean 'viewResolutionResultHandler'
13:04:09.331 [Test worker] DEBUG org.springframework.beans.factory.support.DefaultListableBeanFactory - Returning cached instance of singleton bean 'delegatingWebFluxConfiguration'
13:04:09.338 [Test worker] DEBUG reactor.util.Loggers$LoggerFactory - Using Slf4j logging framework
13:04:09.339 [Test worker] DEBUG org.springframework.beans.factory.support.DefaultListableBeanFactory - Returning cached instance of singleton bean 'webFluxContentTypeResolver'
13:04:09.339 [Test worker] DEBUG org.springframework.beans.factory.support.DefaultListableBeanFactory - Returning cached instance of singleton bean 'webFluxAdapterRegistry'
13:04:09.341 [Test worker] DEBUG org.springframework.beans.factory.support.DefaultListableBeanFactory - Eagerly caching bean 'viewResolutionResultHandler' to allow for resolving potential circular references
13:04:09.344 [Test worker] DEBUG org.springframework.beans.factory.support.DefaultListableBeanFactory - Finished creating instance of bean 'viewResolutionResultHandler'
13:04:09.345 [Test worker] DEBUG org.springframework.beans.factory.support.DefaultListableBeanFactory - Creating shared instance of singleton bean 'serverResponseResultHandler'
13:04:09.345 [Test worker] DEBUG org.springframework.beans.factory.support.DefaultListableBeanFactory - Creating instance of bean 'serverResponseResultHandler'
13:04:09.345 [Test worker] DEBUG org.springframework.beans.factory.support.DefaultListableBeanFactory - Returning cached instance of singleton bean 'delegatingWebFluxConfiguration'
13:04:09.347 [Test worker] DEBUG org.springframework.beans.factory.support.DefaultListableBeanFactory - Returning cached instance of singleton bean 'serverCodecConfigurer'
13:04:09.349 [Test worker] DEBUG org.springframework.beans.factory.support.DefaultListableBeanFactory - Eagerly caching bean 'serverResponseResultHandler' to allow for resolving potential circular references
13:04:09.352 [Test worker] DEBUG org.springframework.beans.factory.support.DefaultListableBeanFactory - Invoking afterPropertiesSet() on bean with name 'serverResponseResultHandler'
13:04:09.353 [Test worker] DEBUG org.springframework.beans.factory.support.DefaultListableBeanFactory - Finished creating instance of bean 'serverResponseResultHandler'
13:04:09.353 [Test worker] DEBUG org.springframework.beans.factory.support.DefaultListableBeanFactory - Finished creating instance of bean 'webHandler'
13:04:09.353 [Test worker] DEBUG org.springframework.beans.factory.support.DefaultListableBeanFactory - Creating shared instance of singleton bean 'responseStatusExceptionHandler'
13:04:09.353 [Test worker] DEBUG org.springframework.beans.factory.support.DefaultListableBeanFactory - Creating instance of bean 'responseStatusExceptionHandler'
13:04:09.353 [Test worker] DEBUG org.springframework.beans.factory.support.DefaultListableBeanFactory - Returning cached instance of singleton bean 'delegatingWebFluxConfiguration'
13:04:09.354 [Test worker] DEBUG org.springframework.beans.factory.support.DefaultListableBeanFactory - Eagerly caching bean 'responseStatusExceptionHandler' to allow for resolving potential circular references
13:04:09.357 [Test worker] DEBUG org.springframework.beans.factory.support.DefaultListableBeanFactory - Finished creating instance of bean 'responseStatusExceptionHandler'
13:04:09.357 [Test worker] DEBUG org.springframework.beans.factory.support.DefaultListableBeanFactory - Returning cached instance of singleton bean 'requestMappingHandlerMapping'
13:04:09.357 [Test worker] DEBUG org.springframework.beans.factory.support.DefaultListableBeanFactory - Returning cached instance of singleton bean 'webFluxContentTypeResolver'
13:04:09.357 [Test worker] DEBUG org.springframework.beans.factory.support.DefaultListableBeanFactory - Returning cached instance of singleton bean 'routerFunctionMapping'
13:04:09.357 [Test worker] DEBUG org.springframework.beans.factory.support.DefaultListableBeanFactory - Returning cached instance of singleton bean 'resourceHandlerMapping'
13:04:09.357 [Test worker] DEBUG org.springframework.beans.factory.support.DefaultListableBeanFactory - Returning cached instance of singleton bean 'requestMappingHandlerAdapter'
13:04:09.357 [Test worker] DEBUG org.springframework.beans.factory.support.DefaultListableBeanFactory - Returning cached instance of singleton bean 'serverCodecConfigurer'
13:04:09.357 [Test worker] DEBUG org.springframework.beans.factory.support.DefaultListableBeanFactory - Creating shared instance of singleton bean 'localeContextResolver'
13:04:09.357 [Test worker] DEBUG org.springframework.beans.factory.support.DefaultListableBeanFactory - Creating instance of bean 'localeContextResolver'
13:04:09.358 [Test worker] DEBUG org.springframework.beans.factory.support.DefaultListableBeanFactory - Returning cached instance of singleton bean 'delegatingWebFluxConfiguration'
13:04:09.359 [Test worker] DEBUG org.springframework.beans.factory.support.DefaultListableBeanFactory - Eagerly caching bean 'localeContextResolver' to allow for resolving potential circular references
13:04:09.362 [Test worker] DEBUG org.springframework.beans.factory.support.DefaultListableBeanFactory - Finished creating instance of bean 'localeContextResolver'
13:04:09.362 [Test worker] DEBUG org.springframework.beans.factory.support.DefaultListableBeanFactory - Returning cached instance of singleton bean 'webFluxConversionService'
13:04:09.362 [Test worker] DEBUG org.springframework.beans.factory.support.DefaultListableBeanFactory - Returning cached instance of singleton bean 'webFluxAdapterRegistry'
13:04:09.362 [Test worker] DEBUG org.springframework.beans.factory.support.DefaultListableBeanFactory - Returning cached instance of singleton bean 'webFluxValidator'
13:04:09.362 [Test worker] DEBUG org.springframework.beans.factory.support.DefaultListableBeanFactory - Returning cached instance of singleton bean 'handlerFunctionAdapter'
13:04:09.362 [Test worker] DEBUG org.springframework.beans.factory.support.DefaultListableBeanFactory - Returning cached instance of singleton bean 'simpleHandlerAdapter'
13:04:09.362 [Test worker] DEBUG org.springframework.beans.factory.support.DefaultListableBeanFactory - Returning cached instance of singleton bean 'responseEntityResultHandler'
13:04:09.362 [Test worker] DEBUG org.springframework.beans.factory.support.DefaultListableBeanFactory - Returning cached instance of singleton bean 'responseBodyResultHandler'
13:04:09.363 [Test worker] DEBUG org.springframework.beans.factory.support.DefaultListableBeanFactory - Returning cached instance of singleton bean 'viewResolutionResultHandler'
13:04:09.363 [Test worker] DEBUG org.springframework.beans.factory.support.DefaultListableBeanFactory - Returning cached instance of singleton bean 'serverResponseResultHandler'
13:04:09.363 [Test worker] DEBUG org.springframework.beans.factory.support.DefaultListableBeanFactory - Returning cached instance of singleton bean 'org.springframework.context.event.internalEventListenerFactory'
13:04:09.397 [Test worker] DEBUG org.springframework.context.annotation.AnnotationConfigApplicationContext - Unable to locate LifecycleProcessor with name 'lifecycleProcessor': using default [org.springframework.context.support.DefaultLifecycleProcessor@4b6cc6dc]
13:04:09.397 [Test worker] DEBUG org.springframework.beans.factory.support.DefaultListableBeanFactory - Returning cached instance of singleton bean 'lifecycleProcessor'
13:04:09.403 [Test worker] DEBUG org.springframework.core.env.PropertySourcesPropertyResolver - Could not find key 'spring.liveBeansView.mbeanDomain' in any property source
13:04:09.407 [Test worker] DEBUG org.springframework.beans.factory.support.DefaultListableBeanFactory - Returning cached instance of singleton bean 'webHandler'
13:04:09.411 [Test worker] DEBUG org.springframework.beans.factory.annotation.InjectionMetadata - Processing injected element of bean 'org.springframework.web.server.adapter.WebHttpHandlerBuilder$SortedBeanContainer': AutowiredMethodElement for public void org.springframework.web.server.adapter.WebHttpHandlerBuilder$SortedBeanContainer.setFilters(java.util.List)
13:04:09.412 [Test worker] DEBUG org.springframework.beans.factory.annotation.InjectionMetadata - Processing injected element of bean 'org.springframework.web.server.adapter.WebHttpHandlerBuilder$SortedBeanContainer': AutowiredMethodElement for public void org.springframework.web.server.adapter.WebHttpHandlerBuilder$SortedBeanContainer.setExceptionHandlers(java.util.List)
13:04:09.413 [Test worker] DEBUG org.springframework.beans.factory.support.DefaultListableBeanFactory - Returning cached instance of singleton bean 'responseStatusExceptionHandler'
13:04:09.413 [Test worker] DEBUG org.springframework.beans.factory.annotation.AutowiredAnnotationBeanPostProcessor - Autowiring by type from bean name 'org.springframework.web.server.adapter.WebHttpHandlerBuilder$SortedBeanContainer' to bean named 'responseStatusExceptionHandler'
13:04:09.415 [Test worker] DEBUG org.springframework.beans.factory.support.DefaultListableBeanFactory - Returning cached instance of singleton bean 'serverCodecConfigurer'
13:04:09.415 [Test worker] DEBUG org.springframework.beans.factory.support.DefaultListableBeanFactory - Returning cached instance of singleton bean 'localeContextResolver'
13:04:09.660 [Test worker] DEBUG org.springframework.test.web.reactive.server.HttpHandlerConnector - Writing client request for  GET "/api/cars/someid"
13:04:09.684 [Test worker] DEBUG org.springframework.test.web.reactive.server.HttpHandlerConnector - Invoking HttpHandler for  GET "/api/cars/someid"
13:04:09.700 [Test worker] DEBUG org.springframework.web.reactive.DispatcherHandler - Processing GET request for [/api/cars/someid]
13:04:09.723 [Test worker] DEBUG org.springframework.web.reactive.result.method.annotation.RequestMappingHandlerMapping - Looking up handler method for path /api/cars/someid
[...]
	at org.gradle.internal.dispatch.ContextClassLoaderDispatch.dispatch(ContextClassLoaderDispatch.java:32)
	at org.gradle.internal.dispatch.ProxyDispatchAdapter$DispatchingInvocationHandler.invoke(ProxyDispatchAdapter.java:93)
	at com.sun.proxy.$Proxy1.processTestClass(Unknown Source)
	at org.gradle.api.internal.tasks.testing.worker.TestWorker.processTestClass(TestWorker.java:108)
	at sun.reflect.NativeMethodAccessorImpl.invoke0(Native Method)
	at sun.reflect.NativeMethodAccessorImpl.invoke(NativeMethodAccessorImpl.java:62)
	at sun.reflect.DelegatingMethodAccessorImpl.invoke(DelegatingMethodAccessorImpl.java:43)
	at java.lang.reflect.Method.invoke(Method.java:498)
	at org.gradle.internal.dispatch.ReflectionDispatch.dispatch(ReflectionDispatch.java:35)
	at org.gradle.internal.dispatch.ReflectionDispatch.dispatch(ReflectionDispatch.java:24)
	at org.gradle.internal.remote.internal.hub.MessageHubBackedObjectConnection$DispatchWrapper.dispatch(MessageHubBackedObjectConnection.java:146)
	at org.gradle.internal.remote.internal.hub.MessageHubBackedObjectConnection$DispatchWrapper.dispatch(MessageHubBackedObjectConnection.java:128)
	at org.gradle.internal.remote.internal.hub.MessageHub$Handler.run(MessageHub.java:404)
	at org.gradle.internal.concurrent.ExecutorPolicy$CatchAndRecordFailures.onExecute(ExecutorPolicy.java:63)
	at org.gradle.internal.concurrent.ManagedExecutorImpl$1.run(ManagedExecutorImpl.java:46)
	at java.util.concurrent.ThreadPoolExecutor.runWorker(ThreadPoolExecutor.java:1149)
	at java.util.concurrent.ThreadPoolExecutor$Worker.run(ThreadPoolExecutor.java:624)
	at org.gradle.internal.concurrent.ThreadFactoryImpl$ManagedThreadRunnable.run(ThreadFactoryImpl.java:55)
	at java.lang.Thread.run(Thread.java:748)
Caused by: java.lang.NoClassDefFoundError: javax/el/ELManager
	at org.hibernate.validator.messageinterpolation.ResourceBundleMessageInterpolator.buildExpressionFactory(ResourceBundleMessageInterpolator.java:108)
	... 105 common frames omitted
13:04:10.392 [Test worker] DEBUG org.springframework.beans.factory.support.DefaultListableBeanFactory - Finished creating instance of bean 'webFluxValidator'
13:04:10.393 [Test worker] DEBUG org.springframework.beans.factory.support.DefaultListableBeanFactory - Creating shared instance of singleton bean 'webFluxAdapterRegistry'
13:04:10.393 [Test worker] DEBUG org.springframework.beans.factory.support.DefaultListableBeanFactory - Creating instance of bean 'webFluxAdapterRegistry'
13:04:10.393 [Test worker] DEBUG org.springframework.beans.factory.support.DefaultListableBeanFactory - Returning cached instance of singleton bean 'delegatingWebFluxConfiguration'
13:04:10.395 [Test worker] DEBUG org.springframework.beans.factory.support.DefaultListableBeanFactory - Eagerly caching bean 'webFluxAdapterRegistry' to allow for resolving potential circular references
13:04:10.395 [Test worker] DEBUG org.springframework.beans.factory.support.DefaultListableBeanFactory - Finished creating instance of bean 'webFluxAdapterRegistry'
13:04:10.396 [Test worker] DEBUG org.springframework.beans.factory.support.DefaultListableBeanFactory - Eagerly caching bean 'requestMappingHandlerAdapter' to allow for resolving potential circular references
13:04:10.398 [Test worker] DEBUG org.springframework.beans.factory.support.DefaultListableBeanFactory - Invoking afterPropertiesSet() on bean with name 'requestMappingHandlerAdapter'
13:04:10.398 [Test worker] INFO org.springframework.web.reactive.result.method.annotation.ControllerMethodResolver - Looking for @ControllerAdvice: org.springframework.context.annotation.AnnotationConfigApplicationContext@5b6c58a1: startup date [Wed Feb 07 13:04:10 COT 2018]; root of context hierarchy
13:04:10.399 [Test worker] DEBUG org.springframework.beans.factory.support.DefaultListableBeanFactory - Finished creating instance of bean 'requestMappingHandlerAdapter'
13:04:10.399 [Test worker] DEBUG org.springframework.beans.factory.support.DefaultListableBeanFactory - Creating shared instance of singleton bean 'handlerFunctionAdapter'
13:04:10.399 [Test worker] DEBUG org.springframework.beans.factory.support.DefaultListableBeanFactory - Creating instance of bean 'handlerFunctionAdapter'
13:04:10.399 [Test worker] DEBUG org.springframework.beans.factory.support.DefaultListableBeanFactory - Returning cached instance of singleton bean 'delegatingWebFluxConfiguration'
13:04:10.399 [Test worker] DEBUG org.springframework.beans.factory.support.DefaultListableBeanFactory - Eagerly caching bean 'handlerFunctionAdapter' to allow for resolving potential circular references
13:04:10.400 [Test worker] DEBUG org.springframework.beans.factory.support.DefaultListableBeanFactory - Finished creating instance of bean 'handlerFunctionAdapter'
13:04:10.400 [Test worker] DEBUG org.springframework.beans.factory.support.DefaultListableBeanFactory - Creating shared instance of singleton bean 'simpleHandlerAdapter'
13:04:10.400 [Test worker] DEBUG org.springframework.beans.factory.support.DefaultListableBeanFactory - Creating instance of bean 'simpleHandlerAdapter'
13:04:10.401 [Test worker] DEBUG org.springframework.beans.factory.support.DefaultListableBeanFactory - Returning cached instance of singleton bean 'delegatingWebFluxConfiguration'
13:04:10.401 [Test worker] DEBUG org.springframework.beans.factory.support.DefaultListableBeanFactory - Eagerly caching bean 'simpleHandlerAdapter' to allow for resolving potential circular references
13:04:10.402 [Test worker] DEBUG org.springframework.beans.factory.support.DefaultListableBeanFactory - Finished creating instance of bean 'simpleHandlerAdapter'
13:04:10.402 [Test worker] DEBUG org.springframework.beans.factory.support.DefaultListableBeanFactory - Creating shared instance of singleton bean 'responseEntityResultHandler'
13:04:10.402 [Test worker] DEBUG org.springframework.beans.factory.support.DefaultListableBeanFactory - Creating instance of bean 'responseEntityResultHandler'
13:04:10.402 [Test worker] DEBUG org.springframework.beans.factory.support.DefaultListableBeanFactory - Returning cached instance of singleton bean 'delegatingWebFluxConfiguration'
13:04:10.403 [Test worker] DEBUG org.springframework.beans.factory.support.DefaultListableBeanFactory - Returning cached instance of singleton bean 'serverCodecConfigurer'
13:04:10.405 [Test worker] DEBUG org.springframework.beans.factory.support.DefaultListableBeanFactory - Returning cached instance of singleton bean 'webFluxContentTypeResolver'
13:04:10.406 [Test worker] DEBUG org.springframework.beans.factory.support.DefaultListableBeanFactory - Returning cached instance of singleton bean 'webFluxAdapterRegistry'
13:04:10.406 [Test worker] DEBUG org.springframework.beans.factory.support.DefaultListableBeanFactory - Eagerly caching bean 'responseEntityResultHandler' to allow for resolving potential circular references
13:04:10.408 [Test worker] DEBUG org.springframework.beans.factory.support.DefaultListableBeanFactory - Finished creating instance of bean 'responseEntityResultHandler'
13:04:10.408 [Test worker] DEBUG org.springframework.beans.factory.support.DefaultListableBeanFactory - Creating shared instance of singleton bean 'responseBodyResultHandler'
13:04:10.408 [Test worker] DEBUG org.springframework.beans.factory.support.DefaultListableBeanFactory - Creating instance of bean 'responseBodyResultHandler'
13:04:10.408 [Test worker] DEBUG org.springframework.beans.factory.support.DefaultListableBeanFactory - Returning cached instance of singleton bean 'delegatingWebFluxConfiguration'
13:04:10.409 [Test worker] DEBUG org.springframework.beans.factory.support.DefaultListableBeanFactory - Returning cached instance of singleton bean 'serverCodecConfigurer'
13:04:10.411 [Test worker] DEBUG org.springframework.beans.factory.support.DefaultListableBeanFactory - Returning cached instance of singleton bean 'webFluxContentTypeResolver'
13:04:10.411 [Test worker] DEBUG org.springframework.beans.factory.support.DefaultListableBeanFactory - Returning cached instance of singleton bean 'webFluxAdapterRegistry'
13:04:10.411 [Test worker] DEBUG org.springframework.beans.factory.support.DefaultListableBeanFactory - Eagerly caching bean 'responseBodyResultHandler' to allow for resolving potential circular references
13:04:10.413 [Test worker] DEBUG org.springframework.beans.factory.support.DefaultListableBeanFactory - Finished creating instance of bean 'responseBodyResultHandler'
13:04:10.413 [Test worker] DEBUG org.springframework.beans.factory.support.DefaultListableBeanFactory - Creating shared instance of singleton bean 'viewResolutionResultHandler'
13:04:10.413 [Test worker] DEBUG org.springframework.beans.factory.support.DefaultListableBeanFactory - Creating instance of bean 'viewResolutionResultHandler'
13:04:10.413 [Test worker] DEBUG org.springframework.beans.factory.support.DefaultListableBeanFactory - Returning cached instance of singleton bean 'delegatingWebFluxConfiguration'
13:04:10.414 [Test worker] DEBUG org.springframework.beans.factory.support.DefaultListableBeanFactory - Returning cached instance of singleton bean 'webFluxContentTypeResolver'
13:04:10.414 [Test worker] DEBUG org.springframework.beans.factory.support.DefaultListableBeanFactory - Returning cached instance of singleton bean 'webFluxAdapterRegistry'
13:04:10.414 [Test worker] DEBUG org.springframework.beans.factory.support.DefaultListableBeanFactory - Eagerly caching bean 'viewResolutionResultHandler' to allow for resolving potential circular references
13:04:10.417 [Test worker] DEBUG org.springframework.beans.factory.support.DefaultListableBeanFactory - Finished creating instance of bean 'viewResolutionResultHandler'
13:04:10.417 [Test worker] DEBUG org.springframework.beans.factory.support.DefaultListableBeanFactory - Creating shared instance of singleton bean 'serverResponseResultHandler'
13:04:10.417 [Test worker] DEBUG org.springframework.beans.factory.support.DefaultListableBeanFactory - Creating instance of bean 'serverResponseResultHandler'
13:04:10.417 [Test worker] DEBUG org.springframework.beans.factory.support.DefaultListableBeanFactory - Returning cached instance of singleton bean 'delegatingWebFluxConfiguration'
13:04:10.418 [Test worker] DEBUG org.springframework.beans.factory.support.DefaultListableBeanFactory - Returning cached instance of singleton bean 'serverCodecConfigurer'
13:04:10.420 [Test worker] DEBUG org.springframework.beans.factory.support.DefaultListableBeanFactory - Eagerly caching bean 'serverResponseResultHandler' to allow for resolving potential circular references
13:04:10.422 [Test worker] DEBUG org.springframework.beans.factory.support.DefaultListableBeanFactory - Invoking afterPropertiesSet() on bean with name 'serverResponseResultHandler'
13:04:10.422 [Test worker] DEBUG org.springframework.beans.factory.support.DefaultListableBeanFactory - Finished creating instance of bean 'serverResponseResultHandler'
13:04:10.423 [Test worker] DEBUG org.springframework.beans.factory.support.DefaultListableBeanFactory - Finished creating instance of bean 'webHandler'
13:04:10.423 [Test worker] DEBUG org.springframework.beans.factory.support.DefaultListableBeanFactory - Creating shared instance of singleton bean 'responseStatusExceptionHandler'
13:04:10.423 [Test worker] DEBUG org.springframework.beans.factory.support.DefaultListableBeanFactory - Creating instance of bean 'responseStatusExceptionHandler'
13:04:10.423 [Test worker] DEBUG org.springframework.beans.factory.support.DefaultListableBeanFactory - Returning cached instance of singleton bean 'delegatingWebFluxConfiguration'
13:04:10.423 [Test worker] DEBUG org.springframework.beans.factory.support.DefaultListableBeanFactory - Eagerly caching bean 'responseStatusExceptionHandler' to allow for resolving potential circular references
13:04:10.424 [Test worker] DEBUG org.springframework.beans.factory.support.DefaultListableBeanFactory - Finished creating instance of bean 'responseStatusExceptionHandler'
13:04:10.425 [Test worker] DEBUG org.springframework.beans.factory.support.DefaultListableBeanFactory - Returning cached instance of singleton bean 'requestMappingHandlerMapping'
13:04:10.425 [Test worker] DEBUG org.springframework.beans.factory.support.DefaultListableBeanFactory - Returning cached instance of singleton bean 'webFluxContentTypeResolver'
13:04:10.425 [Test worker] DEBUG org.springframework.beans.factory.support.DefaultListableBeanFactory - Returning cached instance of singleton bean 'routerFunctionMapping'
13:04:10.425 [Test worker] DEBUG org.springframework.beans.factory.support.DefaultListableBeanFactory - Returning cached instance of singleton bean 'resourceHandlerMapping'
13:04:10.425 [Test worker] DEBUG org.springframework.beans.factory.support.DefaultListableBeanFactory - Returning cached instance of singleton bean 'requestMappingHandlerAdapter'
13:04:10.425 [Test worker] DEBUG org.springframework.beans.factory.support.DefaultListableBeanFactory - Returning cached instance of singleton bean 'serverCodecConfigurer'
13:04:10.425 [Test worker] DEBUG org.springframework.beans.factory.support.DefaultListableBeanFactory - Creating shared instance of singleton bean 'localeContextResolver'
13:04:10.425 [Test worker] DEBUG org.springframework.beans.factory.support.DefaultListableBeanFactory - Creating instance of bean 'localeContextResolver'
13:04:10.425 [Test worker] DEBUG org.springframework.beans.factory.support.DefaultListableBeanFactory - Returning cached instance of singleton bean 'delegatingWebFluxConfiguration'
13:04:10.426 [Test worker] DEBUG org.springframework.beans.factory.support.DefaultListableBeanFactory - Eagerly caching bean 'localeContextResolver' to allow for resolving potential circular references
13:04:10.427 [Test worker] DEBUG org.springframework.beans.factory.support.DefaultListableBeanFactory - Finished creating instance of bean 'localeContextResolver'
13:04:10.428 [Test worker] DEBUG org.springframework.beans.factory.support.DefaultListableBeanFactory - Returning cached instance of singleton bean 'webFluxConversionService'
13:04:10.428 [Test worker] DEBUG org.springframework.beans.factory.support.DefaultListableBeanFactory - Returning cached instance of singleton bean 'webFluxAdapterRegistry'
13:04:10.428 [Test worker] DEBUG org.springframework.beans.factory.support.DefaultListableBeanFactory - Returning cached instance of singleton bean 'webFluxValidator'
13:04:10.428 [Test worker] DEBUG org.springframework.beans.factory.support.DefaultListableBeanFactory - Returning cached instance of singleton bean 'handlerFunctionAdapter'
13:04:10.428 [Test worker] DEBUG org.springframework.beans.factory.support.DefaultListableBeanFactory - Returning cached instance of singleton bean 'simpleHandlerAdapter'
13:04:10.428 [Test worker] DEBUG org.springframework.beans.factory.support.DefaultListableBeanFactory - Returning cached instance of singleton bean 'responseEntityResultHandler'
13:04:10.428 [Test worker] DEBUG org.springframework.beans.factory.support.DefaultListableBeanFactory - Returning cached instance of singleton bean 'responseBodyResultHandler'
13:04:10.428 [Test worker] DEBUG org.springframework.beans.factory.support.DefaultListableBeanFactory - Returning cached instance of singleton bean 'viewResolutionResultHandler'
13:04:10.428 [Test worker] DEBUG org.springframework.beans.factory.support.DefaultListableBeanFactory - Returning cached instance of singleton bean 'serverResponseResultHandler'
13:04:10.428 [Test worker] DEBUG org.springframework.beans.factory.support.DefaultListableBeanFactory - Returning cached instance of singleton bean 'org.springframework.context.event.internalEventListenerFactory'
13:04:10.443 [Test worker] DEBUG org.springframework.context.annotation.AnnotationConfigApplicationContext - Unable to locate LifecycleProcessor with name 'lifecycleProcessor': using default [org.springframework.context.support.DefaultLifecycleProcessor@50ee44c9]
13:04:10.444 [Test worker] DEBUG org.springframework.beans.factory.support.DefaultListableBeanFactory - Returning cached instance of singleton bean 'lifecycleProcessor'
13:04:10.444 [Test worker] DEBUG org.springframework.core.env.PropertySourcesPropertyResolver - Could not find key 'spring.liveBeansView.mbeanDomain' in any property source
13:04:10.444 [Test worker] DEBUG org.springframework.beans.factory.support.DefaultListableBeanFactory - Returning cached instance of singleton bean 'webHandler'
13:04:10.445 [Test worker] DEBUG org.springframework.beans.factory.annotation.InjectionMetadata - Processing injected element of bean 'org.springframework.web.server.adapter.WebHttpHandlerBuilder$SortedBeanContainer': AutowiredMethodElement for public void org.springframework.web.server.adapter.WebHttpHandlerBuilder$SortedBeanContainer.setFilters(java.util.List)
13:04:10.445 [Test worker] DEBUG org.springframework.beans.factory.annotation.InjectionMetadata - Processing injected element of bean 'org.springframework.web.server.adapter.WebHttpHandlerBuilder$SortedBeanContainer': AutowiredMethodElement for public void org.springframework.web.server.adapter.WebHttpHandlerBuilder$SortedBeanContainer.setExceptionHandlers(java.util.List)
13:04:10.446 [Test worker] DEBUG org.springframework.beans.factory.support.DefaultListableBeanFactory - Returning cached instance of singleton bean 'responseStatusExceptionHandler'
13:04:10.446 [Test worker] DEBUG org.springframework.beans.factory.annotation.AutowiredAnnotationBeanPostProcessor - Autowiring by type from bean name 'org.springframework.web.server.adapter.WebHttpHandlerBuilder$SortedBeanContainer' to bean named 'responseStatusExceptionHandler'
13:04:10.447 [Test worker] DEBUG org.springframework.beans.factory.support.DefaultListableBeanFactory - Returning cached instance of singleton bean 'serverCodecConfigurer'
13:04:10.447 [Test worker] DEBUG org.springframework.beans.factory.support.DefaultListableBeanFactory - Returning cached instance of singleton bean 'localeContextResolver'
13:04:10.459 [Test worker] DEBUG org.springframework.test.web.reactive.server.HttpHandlerConnector - Writing client request for  GET "/api/cars"
13:04:10.460 [Test worker] DEBUG org.springframework.test.web.reactive.server.HttpHandlerConnector - Invoking HttpHandler for  GET "/api/cars"
13:04:10.460 [Test worker] DEBUG org.springframework.web.reactive.DispatcherHandler - Processing GET request for [/api/cars]
13:04:10.460 [Test worker] DEBUG org.springframework.web.reactive.result.method.annotation.RequestMappingHandlerMapping - Looking up handler method for path /api/cars
13:04:10.460 [Test worker] DEBUG org.springframework.web.reactive.result.method.annotation.RequestMappingHandlerMapping - Returning handler method [reactor.core.publisher.Flux<com.ceiba.parking.domain.Car> com.ceiba.parking.controllers.CarController.listCars()]
13:04:10.460 [Test worker] DEBUG org.springframework.beans.factory.support.DefaultListableBeanFactory - Returning cached instance of singleton bean 'com.ceiba.parking.controllers.CarController'
13:04:10.472 [Test worker] DEBUG org.springframework.test.web.reactive.server.HttpHandlerConnector - Creating client response for  GET "/api/cars"
13:04:10.472 [Test worker] DEBUG org.springframework.mock.http.server.reactive.MockServerHttpResponse - Skipping doCommit (response already committed).
13:04:10.472 [Test worker] DEBUG org.springframework.web.reactive.function.client - onSubscribe(FluxMap.MapSubscriber)
13:04:10.472 [Test worker] DEBUG org.springframework.web.reactive.function.client - request(unbounded)
13:04:10.472 [Test worker] DEBUG org.springframework.web.reactive.function.client - onNext(WiretapClientHttpResponse [delegate=org.springframework.mock.http.client.reactive.MockClientHttpResponse@48f678c2])
13:04:10.472 [Test worker] DEBUG org.springframework.web.reactive.function.client - onComplete()
]]></system-out>
  <system-err><![CDATA[]]></system-err>
</testsuite>
